2025-08-18 00:11:49 [INFO] [31m[1mWARNING: This is a development server. Do not use it in a production deployment. Use a production WSGI server instead.[0m
 * Running on all addresses (0.0.0.0)
 * Running on http://127.0.0.1:5000
 * Running on http://10.33.0.2:5000
2025-08-18 00:11:49 [INFO] [33mPress CTRL+C to quit[0m
2025-08-18 00:22:05 [INFO] Starting IFC to Google Sheets converter...
2025-08-18 00:22:05 [INFO] Starting IFC to Google Sheets converter...
2025-08-18 00:22:05 [INFO] [31m[1mWARNING: This is a development server. Do not use it in a production deployment. Use a production WSGI server instead.[0m
 * Running on all addresses (0.0.0.0)
 * Running on http://127.0.0.1:5000
 * Running on http://10.33.0.2:5000
2025-08-18 00:22:05 [INFO] [33mPress CTRL+C to quit[0m
2025-08-18 00:22:05 [INFO]  * Restarting with stat
2025-08-18 00:22:07 [INFO] Starting IFC to Google Sheets converter...
2025-08-18 00:22:07 [INFO] Starting IFC to Google Sheets converter...
2025-08-18 00:22:07 [WARNING]  * Debugger is active!
2025-08-18 00:22:07 [INFO]  * Debugger PIN: 158-620-407
2025-08-18 00:22:30 [INFO] 127.0.0.1 - - [18/Aug/2025 00:22:30] "[35m[1mGET / HTTP/1.1[0m" 500 -
2025-08-18 00:22:30 [INFO] 127.0.0.1 - - [18/Aug/2025 00:22:30] "GET /?__debugger__=yes&cmd=resource&f=style.css HTTP/1.1" 200 -
2025-08-18 00:22:30 [INFO] 127.0.0.1 - - [18/Aug/2025 00:22:30] "GET /?__debugger__=yes&cmd=resource&f=debugger.js HTTP/1.1" 200 -
2025-08-18 00:22:31 [INFO] 127.0.0.1 - - [18/Aug/2025 00:22:31] "GET /?__debugger__=yes&cmd=resource&f=console.png&s=UMfiobNIVdZe0tfQYQJA HTTP/1.1" 200 -
2025-08-18 00:22:31 [INFO] 127.0.0.1 - - [18/Aug/2025 00:22:31] "GET /?__debugger__=yes&cmd=resource&f=console.png HTTP/1.1" 200 -
2025-08-18 00:23:50 [INFO]  * Detected change in 'D:\\appartment mix\\main.py', reloading
2025-08-18 00:23:50 [INFO]  * Restarting with stat
2025-08-18 00:23:52 [INFO] Starting IFC to Google Sheets converter...
2025-08-18 00:23:52 [INFO] Starting IFC to Google Sheets converter...
2025-08-18 00:23:52 [WARNING]  * Debugger is active!
2025-08-18 00:23:52 [INFO]  * Debugger PIN: 158-620-407
2025-08-18 00:24:07 [INFO] Starting IFC to Google Sheets converter...
2025-08-18 00:24:07 [INFO] Starting IFC to Google Sheets converter...
2025-08-18 00:24:07 [INFO] [31m[1mWARNING: This is a development server. Do not use it in a production deployment. Use a production WSGI server instead.[0m
 * Running on all addresses (0.0.0.0)
 * Running on http://127.0.0.1:5000
 * Running on http://10.33.0.2:5000
2025-08-18 00:24:07 [INFO] [33mPress CTRL+C to quit[0m
2025-08-18 00:24:07 [INFO]  * Restarting with stat
2025-08-18 00:24:09 [INFO] Starting IFC to Google Sheets converter...
2025-08-18 00:24:09 [INFO] Starting IFC to Google Sheets converter...
2025-08-18 00:24:09 [WARNING]  * Debugger is active!
2025-08-18 00:24:09 [INFO]  * Debugger PIN: 158-620-407
2025-08-18 00:24:15 [INFO] 127.0.0.1 - - [18/Aug/2025 00:24:15] "GET / HTTP/1.1" 200 -
2025-08-18 00:24:15 [INFO] 127.0.0.1 - - [18/Aug/2025 00:24:15] "[33mGET /favicon.ico HTTP/1.1[0m" 404 -
2025-08-18 00:25:33 [INFO] File uploaded: део01 - жрг 1.ifczip -> 87c22d7674d84c478121dc38aeabf40b.ifczip
2025-08-18 00:25:33 [INFO] File uploaded: део01 - жрг 1.ifczip -> 87c22d7674d84c478121dc38aeabf40b.ifczip
2025-08-18 00:25:33 [INFO] Processing IFC file: uploads\87c22d7674d84c478121dc38aeabf40b.ifczip
2025-08-18 00:25:33 [INFO] Processing IFC file: uploads\87c22d7674d84c478121dc38aeabf40b.ifczip
2025-08-18 00:25:35 [INFO] Exported 370 flats to downloads\87c22d7674d84c478121dc38aeabf40b.csv
2025-08-18 00:25:35 [INFO] Exported 370 flats to downloads\87c22d7674d84c478121dc38aeabf40b.csv
2025-08-18 00:25:35 [INFO] CSV generated: downloads\87c22d7674d84c478121dc38aeabf40b.csv
2025-08-18 00:25:35 [INFO] CSV generated: downloads\87c22d7674d84c478121dc38aeabf40b.csv
2025-08-18 00:25:35 [ERROR] Google Sheets upload error: Missing environment variables: ['GS_TYPE', 'GS_PROJECT_ID', 'GS_PRIVATE_KEY_ID', 'GS_PRIVATE_KEY', 'GS_CLIENT_EMAIL', 'GS_CLIENT_ID', 'GS_AUTH_URI', 'GS_TOKEN_URI']
Traceback (most recent call last):
  File "D:\appartment mix\gsheets.py", line 29, in upload_to_google_sheets
    validate_gs_credentials()  # оПНБЕПЙЮ ОЕПЕД МЮВЮКНЛ
    ^^^^^^^^^^^^^^^^^^^^^^^^^
  File "D:\appartment mix\gsheets.py", line 24, in validate_gs_credentials
    raise ValueError(f"Missing environment variables: {missing}")
ValueError: Missing environment variables: ['GS_TYPE', 'GS_PROJECT_ID', 'GS_PRIVATE_KEY_ID', 'GS_PRIVATE_KEY', 'GS_CLIENT_EMAIL', 'GS_CLIENT_ID', 'GS_AUTH_URI', 'GS_TOKEN_URI']
2025-08-18 00:25:35 [ERROR] Google Sheets upload error: Missing environment variables: ['GS_TYPE', 'GS_PROJECT_ID', 'GS_PRIVATE_KEY_ID', 'GS_PRIVATE_KEY', 'GS_CLIENT_EMAIL', 'GS_CLIENT_ID', 'GS_AUTH_URI', 'GS_TOKEN_URI']
Traceback (most recent call last):
  File "D:\appartment mix\gsheets.py", line 29, in upload_to_google_sheets
    validate_gs_credentials()  # оПНБЕПЙЮ ОЕПЕД МЮВЮКНЛ
    ^^^^^^^^^^^^^^^^^^^^^^^^^
  File "D:\appartment mix\gsheets.py", line 24, in validate_gs_credentials
    raise ValueError(f"Missing environment variables: {missing}")
ValueError: Missing environment variables: ['GS_TYPE', 'GS_PROJECT_ID', 'GS_PRIVATE_KEY_ID', 'GS_PRIVATE_KEY', 'GS_CLIENT_EMAIL', 'GS_CLIENT_ID', 'GS_AUTH_URI', 'GS_TOKEN_URI']
2025-08-18 00:25:35 [WARNING] Google Sheets upload failed: Missing environment variables: ['GS_TYPE', 'GS_PROJECT_ID', 'GS_PRIVATE_KEY_ID', 'GS_PRIVATE_KEY', 'GS_CLIENT_EMAIL', 'GS_CLIENT_ID', 'GS_AUTH_URI', 'GS_TOKEN_URI']
2025-08-18 00:25:35 [WARNING] Google Sheets upload failed: Missing environment variables: ['GS_TYPE', 'GS_PROJECT_ID', 'GS_PRIVATE_KEY_ID', 'GS_PRIVATE_KEY', 'GS_CLIENT_EMAIL', 'GS_CLIENT_ID', 'GS_AUTH_URI', 'GS_TOKEN_URI']
2025-08-18 00:25:35 [INFO] Temporary file removed: uploads\87c22d7674d84c478121dc38aeabf40b.ifczip
2025-08-18 00:25:35 [INFO] Temporary file removed: uploads\87c22d7674d84c478121dc38aeabf40b.ifczip
2025-08-18 00:25:35 [INFO] 127.0.0.1 - - [18/Aug/2025 00:25:35] "POST /uploads HTTP/1.1" 200 -
2025-08-18 00:25:40 [INFO] 127.0.0.1 - - [18/Aug/2025 00:25:40] "GET /downloads/87c22d7674d84c478121dc38aeabf40b.csv HTTP/1.1" 200 -
2025-08-18 00:45:45 [INFO]  * Detected change in 'D:\\appartment mix\\main.py', reloading
2025-08-18 00:45:46 [INFO]  * Restarting with stat
2025-08-18 00:45:48 [INFO] Starting IFC to Google Sheets converter...
2025-08-18 00:45:48 [INFO] Starting IFC to Google Sheets converter...
2025-08-18 00:45:48 [WARNING]  * Debugger is active!
2025-08-18 00:45:48 [INFO]  * Debugger PIN: 158-620-407
2025-08-18 00:46:45 [INFO]  * Detected change in 'D:\\appartment mix\\main.py', reloading
2025-08-18 00:46:46 [INFO]  * Restarting with stat
2025-08-18 00:47:16 [INFO] Starting IFC to Google Sheets converter...
2025-08-18 00:47:16 [INFO] Starting IFC to Google Sheets converter...
2025-08-18 00:47:16 [INFO] [31m[1mWARNING: This is a development server. Do not use it in a production deployment. Use a production WSGI server instead.[0m
 * Running on all addresses (0.0.0.0)
 * Running on http://127.0.0.1:5000
 * Running on http://10.33.0.2:5000
2025-08-18 00:47:16 [INFO] [33mPress CTRL+C to quit[0m
2025-08-18 00:47:16 [INFO]  * Restarting with stat
2025-08-18 00:47:17 [INFO] Starting IFC to Google Sheets converter...
2025-08-18 00:47:17 [INFO] Starting IFC to Google Sheets converter...
2025-08-18 00:47:17 [WARNING]  * Debugger is active!
2025-08-18 00:47:17 [INFO]  * Debugger PIN: 158-620-407
2025-08-18 00:47:21 [INFO] 127.0.0.1 - - [18/Aug/2025 00:47:21] "GET / HTTP/1.1" 200 -
2025-08-18 00:47:32 [INFO] File uploaded: део01 - жрг 2.ifczip -> 9aa5a2154f4b47098e0824332ba01d3d.ifczip
2025-08-18 00:47:32 [INFO] File uploaded: део01 - жрг 2.ifczip -> 9aa5a2154f4b47098e0824332ba01d3d.ifczip
2025-08-18 00:47:32 [ERROR] Processing error: export_flats() takes 2 positional arguments but 3 were given
Traceback (most recent call last):
  File "D:\appartment mix\main.py", line 82, in upload_file
    csv_path = export_flats(ifc_path, app.config['DOWNLOAD_FOLDER'], original_name)
               ^^^^^^^^^^^^^^^^^^^^^^^^^^^^^^^^^^^^^^^^^^^^^^^^^^^^^^^^^^^^^^^^^^^^
TypeError: export_flats() takes 2 positional arguments but 3 were given
2025-08-18 00:47:32 [ERROR] Processing error: export_flats() takes 2 positional arguments but 3 were given
Traceback (most recent call last):
  File "D:\appartment mix\main.py", line 82, in upload_file
    csv_path = export_flats(ifc_path, app.config['DOWNLOAD_FOLDER'], original_name)
               ^^^^^^^^^^^^^^^^^^^^^^^^^^^^^^^^^^^^^^^^^^^^^^^^^^^^^^^^^^^^^^^^^^^^
TypeError: export_flats() takes 2 positional arguments but 3 were given
2025-08-18 00:47:32 [INFO] 127.0.0.1 - - [18/Aug/2025 00:47:32] "[35m[1mPOST /uploads HTTP/1.1[0m" 500 -
2025-08-18 00:55:29 [INFO] Starting IFC to Google Sheets converter...
2025-08-18 00:55:29 [INFO] Starting IFC to Google Sheets converter...
2025-08-18 00:55:29 [INFO] [31m[1mWARNING: This is a development server. Do not use it in a production deployment. Use a production WSGI server instead.[0m
 * Running on all addresses (0.0.0.0)
 * Running on http://127.0.0.1:5000
 * Running on http://10.33.0.2:5000
2025-08-18 00:55:29 [INFO] [33mPress CTRL+C to quit[0m
2025-08-18 00:55:29 [INFO]  * Restarting with stat
2025-08-18 00:55:30 [INFO] Starting IFC to Google Sheets converter...
2025-08-18 00:55:30 [INFO] Starting IFC to Google Sheets converter...
2025-08-18 00:55:30 [WARNING]  * Debugger is active!
2025-08-18 00:55:30 [INFO]  * Debugger PIN: 158-620-407
2025-08-18 00:55:45 [INFO] 127.0.0.1 - - [18/Aug/2025 00:55:45] "GET / HTTP/1.1" 200 -
2025-08-18 00:55:52 [INFO] File uploaded: део01 - жрг 2.ifczip -> c1c9c37cc0414d36a61be09b8b04415f.ifczip
2025-08-18 00:55:52 [INFO] File uploaded: део01 - жрг 2.ifczip -> c1c9c37cc0414d36a61be09b8b04415f.ifczip
2025-08-18 00:55:52 [INFO] Processing IFC file: uploads\c1c9c37cc0414d36a61be09b8b04415f.ifczip
2025-08-18 00:55:52 [INFO] Processing IFC file: uploads\c1c9c37cc0414d36a61be09b8b04415f.ifczip
2025-08-18 00:55:54 [INFO] Exported 367 flats to downloads\део01 - жрг 2.csv
2025-08-18 00:55:54 [INFO] Exported 367 flats to downloads\део01 - жрг 2.csv
2025-08-18 00:55:54 [INFO] CSV generated: downloads\део01 - жрг 2.csv
2025-08-18 00:55:54 [INFO] CSV generated: downloads\део01 - жрг 2.csv
2025-08-18 00:55:54 [ERROR] Google Sheets upload error: Missing environment variables: ['GS_TYPE', 'GS_PROJECT_ID', 'GS_PRIVATE_KEY_ID', 'GS_PRIVATE_KEY', 'GS_CLIENT_EMAIL', 'GS_CLIENT_ID', 'GS_AUTH_URI', 'GS_TOKEN_URI']
Traceback (most recent call last):
  File "D:\appartment mix\gsheets.py", line 29, in upload_to_google_sheets
    validate_gs_credentials()  # оПНБЕПЙЮ ОЕПЕД МЮВЮКНЛ
    ^^^^^^^^^^^^^^^^^^^^^^^^^
  File "D:\appartment mix\gsheets.py", line 24, in validate_gs_credentials
    raise ValueError(f"Missing environment variables: {missing}")
ValueError: Missing environment variables: ['GS_TYPE', 'GS_PROJECT_ID', 'GS_PRIVATE_KEY_ID', 'GS_PRIVATE_KEY', 'GS_CLIENT_EMAIL', 'GS_CLIENT_ID', 'GS_AUTH_URI', 'GS_TOKEN_URI']
2025-08-18 00:55:54 [ERROR] Google Sheets upload error: Missing environment variables: ['GS_TYPE', 'GS_PROJECT_ID', 'GS_PRIVATE_KEY_ID', 'GS_PRIVATE_KEY', 'GS_CLIENT_EMAIL', 'GS_CLIENT_ID', 'GS_AUTH_URI', 'GS_TOKEN_URI']
Traceback (most recent call last):
  File "D:\appartment mix\gsheets.py", line 29, in upload_to_google_sheets
    validate_gs_credentials()  # оПНБЕПЙЮ ОЕПЕД МЮВЮКНЛ
    ^^^^^^^^^^^^^^^^^^^^^^^^^
  File "D:\appartment mix\gsheets.py", line 24, in validate_gs_credentials
    raise ValueError(f"Missing environment variables: {missing}")
ValueError: Missing environment variables: ['GS_TYPE', 'GS_PROJECT_ID', 'GS_PRIVATE_KEY_ID', 'GS_PRIVATE_KEY', 'GS_CLIENT_EMAIL', 'GS_CLIENT_ID', 'GS_AUTH_URI', 'GS_TOKEN_URI']
2025-08-18 00:55:54 [WARNING] Google Sheets upload failed: Missing environment variables: ['GS_TYPE', 'GS_PROJECT_ID', 'GS_PRIVATE_KEY_ID', 'GS_PRIVATE_KEY', 'GS_CLIENT_EMAIL', 'GS_CLIENT_ID', 'GS_AUTH_URI', 'GS_TOKEN_URI']
2025-08-18 00:55:54 [WARNING] Google Sheets upload failed: Missing environment variables: ['GS_TYPE', 'GS_PROJECT_ID', 'GS_PRIVATE_KEY_ID', 'GS_PRIVATE_KEY', 'GS_CLIENT_EMAIL', 'GS_CLIENT_ID', 'GS_AUTH_URI', 'GS_TOKEN_URI']
2025-08-18 00:55:54 [INFO] 127.0.0.1 - - [18/Aug/2025 00:55:54] "POST /uploads HTTP/1.1" 200 -
2025-08-18 00:56:13 [INFO] 127.0.0.1 - - [18/Aug/2025 00:56:13] "GET /downloads/део01%20-%20жрг%202.csv HTTP/1.1" 200 -
2025-08-18 00:56:41 [INFO] File uploaded: део01 - жрг 2.ifczip -> 7097911aca8d49c7b319ff8950db44b9.ifczip
2025-08-18 00:56:41 [INFO] File uploaded: део01 - жрг 2.ifczip -> 7097911aca8d49c7b319ff8950db44b9.ifczip
2025-08-18 00:56:41 [INFO] Processing IFC file: uploads\7097911aca8d49c7b319ff8950db44b9.ifczip
2025-08-18 00:56:41 [INFO] Processing IFC file: uploads\7097911aca8d49c7b319ff8950db44b9.ifczip
2025-08-18 00:56:43 [INFO] Exported 367 flats to downloads\део01 - жрг 2.csv
2025-08-18 00:56:43 [INFO] Exported 367 flats to downloads\део01 - жрг 2.csv
2025-08-18 00:56:43 [INFO] CSV generated: downloads\део01 - жрг 2.csv
2025-08-18 00:56:43 [INFO] CSV generated: downloads\део01 - жрг 2.csv
2025-08-18 00:56:43 [ERROR] Google Sheets upload error: Missing environment variables: ['GS_TYPE', 'GS_PROJECT_ID', 'GS_PRIVATE_KEY_ID', 'GS_PRIVATE_KEY', 'GS_CLIENT_EMAIL', 'GS_CLIENT_ID', 'GS_AUTH_URI', 'GS_TOKEN_URI']
Traceback (most recent call last):
  File "D:\appartment mix\gsheets.py", line 29, in upload_to_google_sheets
    validate_gs_credentials()  # оПНБЕПЙЮ ОЕПЕД МЮВЮКНЛ
    ^^^^^^^^^^^^^^^^^^^^^^^^^
  File "D:\appartment mix\gsheets.py", line 24, in validate_gs_credentials
    raise ValueError(f"Missing environment variables: {missing}")
ValueError: Missing environment variables: ['GS_TYPE', 'GS_PROJECT_ID', 'GS_PRIVATE_KEY_ID', 'GS_PRIVATE_KEY', 'GS_CLIENT_EMAIL', 'GS_CLIENT_ID', 'GS_AUTH_URI', 'GS_TOKEN_URI']
2025-08-18 00:56:43 [ERROR] Google Sheets upload error: Missing environment variables: ['GS_TYPE', 'GS_PROJECT_ID', 'GS_PRIVATE_KEY_ID', 'GS_PRIVATE_KEY', 'GS_CLIENT_EMAIL', 'GS_CLIENT_ID', 'GS_AUTH_URI', 'GS_TOKEN_URI']
Traceback (most recent call last):
  File "D:\appartment mix\gsheets.py", line 29, in upload_to_google_sheets
    validate_gs_credentials()  # оПНБЕПЙЮ ОЕПЕД МЮВЮКНЛ
    ^^^^^^^^^^^^^^^^^^^^^^^^^
  File "D:\appartment mix\gsheets.py", line 24, in validate_gs_credentials
    raise ValueError(f"Missing environment variables: {missing}")
ValueError: Missing environment variables: ['GS_TYPE', 'GS_PROJECT_ID', 'GS_PRIVATE_KEY_ID', 'GS_PRIVATE_KEY', 'GS_CLIENT_EMAIL', 'GS_CLIENT_ID', 'GS_AUTH_URI', 'GS_TOKEN_URI']
2025-08-18 00:56:43 [WARNING] Google Sheets upload failed: Missing environment variables: ['GS_TYPE', 'GS_PROJECT_ID', 'GS_PRIVATE_KEY_ID', 'GS_PRIVATE_KEY', 'GS_CLIENT_EMAIL', 'GS_CLIENT_ID', 'GS_AUTH_URI', 'GS_TOKEN_URI']
2025-08-18 00:56:43 [WARNING] Google Sheets upload failed: Missing environment variables: ['GS_TYPE', 'GS_PROJECT_ID', 'GS_PRIVATE_KEY_ID', 'GS_PRIVATE_KEY', 'GS_CLIENT_EMAIL', 'GS_CLIENT_ID', 'GS_AUTH_URI', 'GS_TOKEN_URI']
2025-08-18 00:56:43 [INFO] 127.0.0.1 - - [18/Aug/2025 00:56:43] "POST /uploads HTTP/1.1" 200 -
2025-08-18 00:57:00 [INFO] 127.0.0.1 - - [18/Aug/2025 00:57:00] "GET /downloads/део01%20-%20жрг%202.csv HTTP/1.1" 200 -
2025-08-18 00:57:28 [INFO] File uploaded: део01 - жрг 1.ifczip -> 4a5aadb15f754147a75f7d08ecf0cbee.ifczip
2025-08-18 00:57:28 [INFO] File uploaded: део01 - жрг 1.ifczip -> 4a5aadb15f754147a75f7d08ecf0cbee.ifczip
2025-08-18 00:57:28 [INFO] Processing IFC file: uploads\4a5aadb15f754147a75f7d08ecf0cbee.ifczip
2025-08-18 00:57:28 [INFO] Processing IFC file: uploads\4a5aadb15f754147a75f7d08ecf0cbee.ifczip
2025-08-18 00:57:30 [INFO] Exported 370 flats to downloads\део01 - жрг 1.csv
2025-08-18 00:57:30 [INFO] Exported 370 flats to downloads\део01 - жрг 1.csv
2025-08-18 00:57:30 [INFO] CSV generated: downloads\део01 - жрг 1.csv
2025-08-18 00:57:30 [INFO] CSV generated: downloads\део01 - жрг 1.csv
2025-08-18 00:57:30 [ERROR] Google Sheets upload error: Missing environment variables: ['GS_TYPE', 'GS_PROJECT_ID', 'GS_PRIVATE_KEY_ID', 'GS_PRIVATE_KEY', 'GS_CLIENT_EMAIL', 'GS_CLIENT_ID', 'GS_AUTH_URI', 'GS_TOKEN_URI']
Traceback (most recent call last):
  File "D:\appartment mix\gsheets.py", line 29, in upload_to_google_sheets
    validate_gs_credentials()  # оПНБЕПЙЮ ОЕПЕД МЮВЮКНЛ
    ^^^^^^^^^^^^^^^^^^^^^^^^^
  File "D:\appartment mix\gsheets.py", line 24, in validate_gs_credentials
    raise ValueError(f"Missing environment variables: {missing}")
ValueError: Missing environment variables: ['GS_TYPE', 'GS_PROJECT_ID', 'GS_PRIVATE_KEY_ID', 'GS_PRIVATE_KEY', 'GS_CLIENT_EMAIL', 'GS_CLIENT_ID', 'GS_AUTH_URI', 'GS_TOKEN_URI']
2025-08-18 00:57:30 [ERROR] Google Sheets upload error: Missing environment variables: ['GS_TYPE', 'GS_PROJECT_ID', 'GS_PRIVATE_KEY_ID', 'GS_PRIVATE_KEY', 'GS_CLIENT_EMAIL', 'GS_CLIENT_ID', 'GS_AUTH_URI', 'GS_TOKEN_URI']
Traceback (most recent call last):
  File "D:\appartment mix\gsheets.py", line 29, in upload_to_google_sheets
    validate_gs_credentials()  # оПНБЕПЙЮ ОЕПЕД МЮВЮКНЛ
    ^^^^^^^^^^^^^^^^^^^^^^^^^
  File "D:\appartment mix\gsheets.py", line 24, in validate_gs_credentials
    raise ValueError(f"Missing environment variables: {missing}")
ValueError: Missing environment variables: ['GS_TYPE', 'GS_PROJECT_ID', 'GS_PRIVATE_KEY_ID', 'GS_PRIVATE_KEY', 'GS_CLIENT_EMAIL', 'GS_CLIENT_ID', 'GS_AUTH_URI', 'GS_TOKEN_URI']
2025-08-18 00:57:30 [WARNING] Google Sheets upload failed: Missing environment variables: ['GS_TYPE', 'GS_PROJECT_ID', 'GS_PRIVATE_KEY_ID', 'GS_PRIVATE_KEY', 'GS_CLIENT_EMAIL', 'GS_CLIENT_ID', 'GS_AUTH_URI', 'GS_TOKEN_URI']
2025-08-18 00:57:30 [WARNING] Google Sheets upload failed: Missing environment variables: ['GS_TYPE', 'GS_PROJECT_ID', 'GS_PRIVATE_KEY_ID', 'GS_PRIVATE_KEY', 'GS_CLIENT_EMAIL', 'GS_CLIENT_ID', 'GS_AUTH_URI', 'GS_TOKEN_URI']
2025-08-18 00:57:30 [INFO] 127.0.0.1 - - [18/Aug/2025 00:57:30] "POST /uploads HTTP/1.1" 200 -
2025-08-18 00:58:37 [INFO]  * Detected change in 'D:\\appartment mix\\gsheets.py', reloading
2025-08-18 00:58:37 [INFO]  * Restarting with stat
2025-08-18 00:58:39 [INFO] Starting IFC to Google Sheets converter...
2025-08-18 00:58:39 [INFO] Starting IFC to Google Sheets converter...
2025-08-18 00:58:39 [WARNING]  * Debugger is active!
2025-08-18 00:58:39 [INFO]  * Debugger PIN: 158-620-407
2025-08-18 00:59:11 [INFO]  * Detected change in 'D:\\appartment mix\\gsheets.py', reloading
2025-08-18 00:59:11 [INFO]  * Restarting with stat
2025-08-18 00:59:13 [INFO] Starting IFC to Google Sheets converter...
2025-08-18 00:59:13 [INFO] Starting IFC to Google Sheets converter...
2025-08-18 00:59:13 [WARNING]  * Debugger is active!
2025-08-18 00:59:13 [INFO]  * Debugger PIN: 158-620-407
2025-08-18 01:00:22 [INFO]  * Detected change in 'D:\\appartment mix\\gsheets.py', reloading
2025-08-18 01:00:22 [INFO]  * Restarting with stat
2025-08-18 01:00:24 [INFO] Starting IFC to Google Sheets converter...
2025-08-18 01:00:24 [INFO] Starting IFC to Google Sheets converter...
2025-08-18 01:00:24 [WARNING]  * Debugger is active!
2025-08-18 01:00:24 [INFO]  * Debugger PIN: 158-620-407
2025-08-18 01:00:35 [INFO]  * Detected change in 'D:\\appartment mix\\gsheets.py', reloading
2025-08-18 01:00:35 [INFO]  * Restarting with stat
2025-08-18 01:00:36 [INFO] Starting IFC to Google Sheets converter...
2025-08-18 01:00:36 [INFO] Starting IFC to Google Sheets converter...
2025-08-18 01:00:36 [WARNING]  * Debugger is active!
2025-08-18 01:00:36 [INFO]  * Debugger PIN: 158-620-407
2025-08-18 01:01:06 [INFO]  * Detected change in 'D:\\appartment mix\\gsheets.py', reloading
2025-08-18 01:01:06 [INFO]  * Restarting with stat
2025-08-18 01:01:07 [INFO] Starting IFC to Google Sheets converter...
2025-08-18 01:01:07 [INFO] Starting IFC to Google Sheets converter...
2025-08-18 01:01:07 [WARNING]  * Debugger is active!
2025-08-18 01:01:07 [INFO]  * Debugger PIN: 158-620-407
2025-08-18 01:22:32 [INFO] 127.0.0.1 - - [18/Aug/2025 01:22:32] "[33mGET /favicon.ico HTTP/1.1[0m" 404 -
2025-08-18 01:40:13 [INFO] Starting IFC to Google Sheets converter...
2025-08-18 01:40:13 [INFO] Starting IFC to Google Sheets converter...
2025-08-18 01:40:13 [INFO] [31m[1mWARNING: This is a development server. Do not use it in a production deployment. Use a production WSGI server instead.[0m
 * Running on all addresses (0.0.0.0)
 * Running on http://127.0.0.1:5000
 * Running on http://10.33.0.2:5000
2025-08-18 01:40:13 [INFO] [33mPress CTRL+C to quit[0m
2025-08-18 01:40:13 [INFO]  * Restarting with stat
2025-08-18 01:40:15 [INFO] Starting IFC to Google Sheets converter...
2025-08-18 01:40:15 [INFO] Starting IFC to Google Sheets converter...
2025-08-18 01:40:15 [WARNING]  * Debugger is active!
2025-08-18 01:40:15 [INFO]  * Debugger PIN: 158-620-407
2025-08-18 01:40:19 [INFO] 127.0.0.1 - - [18/Aug/2025 01:40:19] "GET / HTTP/1.1" 200 -
2025-08-18 01:40:35 [INFO] File uploaded: део01 - жрг 1.ifczip -> bf886855a6c84a9ebfb3aaf4eeb1dd3b.ifczip
2025-08-18 01:40:35 [INFO] File uploaded: део01 - жрг 1.ifczip -> bf886855a6c84a9ebfb3aaf4eeb1dd3b.ifczip
2025-08-18 01:40:35 [INFO] Processing IFC file: uploads\bf886855a6c84a9ebfb3aaf4eeb1dd3b.ifczip
2025-08-18 01:40:35 [INFO] Processing IFC file: uploads\bf886855a6c84a9ebfb3aaf4eeb1dd3b.ifczip
2025-08-18 01:40:37 [INFO] Exported 370 flats to downloads\део01 - жрг 1.csv
2025-08-18 01:40:37 [INFO] Exported 370 flats to downloads\део01 - жрг 1.csv
2025-08-18 01:40:37 [INFO] CSV generated: downloads\део01 - жрг 1.csv
2025-08-18 01:40:37 [INFO] CSV generated: downloads\део01 - жрг 1.csv
2025-08-18 01:40:37 [ERROR] Google Sheets upload error: Missing environment variables: ['GS_TYPE', 'GS_PROJECT_ID', 'GS_PRIVATE_KEY_ID', 'GS_PRIVATE_KEY', 'GS_CLIENT_EMAIL', 'GS_CLIENT_ID', 'GS_AUTH_URI', 'GS_TOKEN_URI']
Traceback (most recent call last):
  File "D:\appartment mix\gsheets.py", line 40, in upload_to_google_sheets
    validate_gs_credentials()  # оПНБЕПЙЮ ОЕПЕД МЮВЮКНЛ
    ^^^^^^^^^^^^^^^^^^^^^^^^^
  File "D:\appartment mix\gsheets.py", line 31, in validate_gs_credentials
    raise ValueError(f"Missing environment variables: {missing}")
ValueError: Missing environment variables: ['GS_TYPE', 'GS_PROJECT_ID', 'GS_PRIVATE_KEY_ID', 'GS_PRIVATE_KEY', 'GS_CLIENT_EMAIL', 'GS_CLIENT_ID', 'GS_AUTH_URI', 'GS_TOKEN_URI']
2025-08-18 01:40:37 [ERROR] Google Sheets upload error: Missing environment variables: ['GS_TYPE', 'GS_PROJECT_ID', 'GS_PRIVATE_KEY_ID', 'GS_PRIVATE_KEY', 'GS_CLIENT_EMAIL', 'GS_CLIENT_ID', 'GS_AUTH_URI', 'GS_TOKEN_URI']
Traceback (most recent call last):
  File "D:\appartment mix\gsheets.py", line 40, in upload_to_google_sheets
    validate_gs_credentials()  # оПНБЕПЙЮ ОЕПЕД МЮВЮКНЛ
    ^^^^^^^^^^^^^^^^^^^^^^^^^
  File "D:\appartment mix\gsheets.py", line 31, in validate_gs_credentials
    raise ValueError(f"Missing environment variables: {missing}")
ValueError: Missing environment variables: ['GS_TYPE', 'GS_PROJECT_ID', 'GS_PRIVATE_KEY_ID', 'GS_PRIVATE_KEY', 'GS_CLIENT_EMAIL', 'GS_CLIENT_ID', 'GS_AUTH_URI', 'GS_TOKEN_URI']
2025-08-18 01:40:37 [WARNING] Google Sheets upload failed: Missing environment variables: ['GS_TYPE', 'GS_PROJECT_ID', 'GS_PRIVATE_KEY_ID', 'GS_PRIVATE_KEY', 'GS_CLIENT_EMAIL', 'GS_CLIENT_ID', 'GS_AUTH_URI', 'GS_TOKEN_URI']
2025-08-18 01:40:37 [WARNING] Google Sheets upload failed: Missing environment variables: ['GS_TYPE', 'GS_PROJECT_ID', 'GS_PRIVATE_KEY_ID', 'GS_PRIVATE_KEY', 'GS_CLIENT_EMAIL', 'GS_CLIENT_ID', 'GS_AUTH_URI', 'GS_TOKEN_URI']
2025-08-18 01:40:37 [INFO] 127.0.0.1 - - [18/Aug/2025 01:40:37] "POST /uploads HTTP/1.1" 200 -
2025-08-18 01:40:48 [INFO] 127.0.0.1 - - [18/Aug/2025 01:40:48] "GET /downloads/део01%20-%20жрг%201.csv HTTP/1.1" 200 -
2025-08-18 02:08:06 [INFO] Starting IFC to Google Sheets converter...
2025-08-18 02:08:06 [INFO] Starting IFC to Google Sheets converter...
2025-08-18 02:08:06 [INFO] [31m[1mWARNING: This is a development server. Do not use it in a production deployment. Use a production WSGI server instead.[0m
 * Running on all addresses (0.0.0.0)
 * Running on http://127.0.0.1:5000
 * Running on http://10.33.0.2:5000
2025-08-18 02:08:06 [INFO] [33mPress CTRL+C to quit[0m
2025-08-18 02:08:06 [INFO]  * Restarting with stat
2025-08-18 02:08:07 [INFO] Starting IFC to Google Sheets converter...
2025-08-18 02:08:07 [INFO] Starting IFC to Google Sheets converter...
2025-08-18 02:08:08 [WARNING]  * Debugger is active!
2025-08-18 02:08:08 [INFO]  * Debugger PIN: 158-620-407
2025-08-18 02:08:15 [INFO] 127.0.0.1 - - [18/Aug/2025 02:08:15] "GET / HTTP/1.1" 200 -
2025-08-18 02:08:19 [INFO] File uploaded: олю01 - жрг 9.ifczip -> олю01 - жрг 9_a21636e3.ifczip
2025-08-18 02:08:19 [INFO] File uploaded: олю01 - жрг 9.ifczip -> олю01 - жрг 9_a21636e3.ifczip
2025-08-18 02:08:19 [INFO] Processing IFC file: uploads\олю01 - жрг 9_a21636e3.ifczip
2025-08-18 02:08:19 [INFO] Processing IFC file: uploads\олю01 - жрг 9_a21636e3.ifczip
2025-08-18 02:08:22 [INFO] Exported 504 flats to downloads\олю01 - жрг 9.csv
2025-08-18 02:08:22 [INFO] Exported 504 flats to downloads\олю01 - жрг 9.csv
2025-08-18 02:08:22 [INFO] CSV generated: downloads\олю01 - жрг 9.csv
2025-08-18 02:08:22 [INFO] CSV generated: downloads\олю01 - жрг 9.csv
2025-08-18 02:08:22 [INFO] Authenticated with Google Sheets API
2025-08-18 02:08:22 [INFO] Authenticated with Google Sheets API
2025-08-18 02:08:24 [ERROR] Google Sheets upload error: {'code': 403, 'message': "The user's Drive storage quota has been exceeded.", 'errors': [{'message': "The user's Drive storage quota has been exceeded.", 'domain': 'usageLimits', 'reason': 'storageQuotaExceeded'}]}
Traceback (most recent call last):
  File "D:\appartment mix\gsheets.py", line 64, in upload_to_google_sheets
    spreadsheet = client.create(spreadsheet_name)
                  ^^^^^^^^^^^^^^^^^^^^^^^^^^^^^^^
  File "C:\Users\grash88\AppData\Local\JetBrains\PyCharmCE2024.1\demo\PyCharmLearningProject\venv\Lib\site-packages\gspread\client.py", line 247, in create
    r = self.request("post", DRIVE_FILES_API_V3_URL, json=payload, params=params)
        ^^^^^^^^^^^^^^^^^^^^^^^^^^^^^^^^^^^^^^^^^^^^^^^^^^^^^^^^^^^^^^^^^^^^^^^^^
  File "C:\Users\grash88\AppData\Local\JetBrains\PyCharmCE2024.1\demo\PyCharmLearningProject\venv\Lib\site-packages\gspread\client.py", line 93, in request
    raise APIError(response)
gspread.exceptions.APIError: {'code': 403, 'message': "The user's Drive storage quota has been exceeded.", 'errors': [{'message': "The user's Drive storage quota has been exceeded.", 'domain': 'usageLimits', 'reason': 'storageQuotaExceeded'}]}
2025-08-18 02:08:24 [ERROR] Google Sheets upload error: {'code': 403, 'message': "The user's Drive storage quota has been exceeded.", 'errors': [{'message': "The user's Drive storage quota has been exceeded.", 'domain': 'usageLimits', 'reason': 'storageQuotaExceeded'}]}
Traceback (most recent call last):
  File "D:\appartment mix\gsheets.py", line 64, in upload_to_google_sheets
    spreadsheet = client.create(spreadsheet_name)
                  ^^^^^^^^^^^^^^^^^^^^^^^^^^^^^^^
  File "C:\Users\grash88\AppData\Local\JetBrains\PyCharmCE2024.1\demo\PyCharmLearningProject\venv\Lib\site-packages\gspread\client.py", line 247, in create
    r = self.request("post", DRIVE_FILES_API_V3_URL, json=payload, params=params)
        ^^^^^^^^^^^^^^^^^^^^^^^^^^^^^^^^^^^^^^^^^^^^^^^^^^^^^^^^^^^^^^^^^^^^^^^^^
  File "C:\Users\grash88\AppData\Local\JetBrains\PyCharmCE2024.1\demo\PyCharmLearningProject\venv\Lib\site-packages\gspread\client.py", line 93, in request
    raise APIError(response)
gspread.exceptions.APIError: {'code': 403, 'message': "The user's Drive storage quota has been exceeded.", 'errors': [{'message': "The user's Drive storage quota has been exceeded.", 'domain': 'usageLimits', 'reason': 'storageQuotaExceeded'}]}
2025-08-18 02:08:24 [WARNING] Google Sheets upload failed: {'code': 403, 'message': "The user's Drive storage quota has been exceeded.", 'errors': [{'message': "The user's Drive storage quota has been exceeded.", 'domain': 'usageLimits', 'reason': 'storageQuotaExceeded'}]}
2025-08-18 02:08:24 [WARNING] Google Sheets upload failed: {'code': 403, 'message': "The user's Drive storage quota has been exceeded.", 'errors': [{'message': "The user's Drive storage quota has been exceeded.", 'domain': 'usageLimits', 'reason': 'storageQuotaExceeded'}]}
2025-08-18 02:08:24 [INFO] 127.0.0.1 - - [18/Aug/2025 02:08:24] "POST /uploads HTTP/1.1" 200 -
2025-08-18 02:22:35 [INFO] Starting IFC to Google Sheets converter...
2025-08-18 02:22:35 [INFO] Starting IFC to Google Sheets converter...
2025-08-18 02:22:35 [INFO] [31m[1mWARNING: This is a development server. Do not use it in a production deployment. Use a production WSGI server instead.[0m
 * Running on all addresses (0.0.0.0)
 * Running on http://127.0.0.1:5000
 * Running on http://10.33.0.2:5000
2025-08-18 02:22:35 [INFO] [33mPress CTRL+C to quit[0m
2025-08-18 02:22:36 [INFO]  * Restarting with stat
2025-08-18 02:22:37 [INFO] Starting IFC to Google Sheets converter...
2025-08-18 02:22:37 [INFO] Starting IFC to Google Sheets converter...
2025-08-18 02:22:37 [WARNING]  * Debugger is active!
2025-08-18 02:22:37 [INFO]  * Debugger PIN: 158-620-407
2025-08-18 02:22:41 [INFO] 127.0.0.1 - - [18/Aug/2025 02:22:41] "GET / HTTP/1.1" 200 -
2025-08-18 02:23:08 [INFO] File uploaded: део01 - жрг 1.ifczip -> део01 - жрг 1.ifczip
2025-08-18 02:23:08 [INFO] File uploaded: део01 - жрг 1.ifczip -> део01 - жрг 1.ifczip
2025-08-18 02:23:08 [INFO] Processing IFC file: uploads\део01 - жрг 1.ifczip
2025-08-18 02:23:08 [INFO] Processing IFC file: uploads\део01 - жрг 1.ifczip
2025-08-18 02:23:09 [ERROR] Processing error: 'float' object has no attribute 'replace'
Traceback (most recent call last):
  File "D:\appartment mix\main.py", line 91, in upload_file
    csv_path = export_flats(ifc_path, app.config['DOWNLOAD_FOLDER'], original_name)
               ^^^^^^^^^^^^^^^^^^^^^^^^^^^^^^^^^^^^^^^^^^^^^^^^^^^^^^^^^^^^^^^^^^^^
  File "D:\appartment mix\export_flats.py", line 173, in export_flats
    area = get_area_value(group)
           ^^^^^^^^^^^^^^^^^^^^^
  File "D:\appartment mix\export_flats.py", line 133, in get_area_value
    return round(float(area_value), 2).replace('.', ',')
           ^^^^^^^^^^^^^^^^^^^^^^^^^^^^^^^^^^^
AttributeError: 'float' object has no attribute 'replace'
2025-08-18 02:23:09 [ERROR] Processing error: 'float' object has no attribute 'replace'
Traceback (most recent call last):
  File "D:\appartment mix\main.py", line 91, in upload_file
    csv_path = export_flats(ifc_path, app.config['DOWNLOAD_FOLDER'], original_name)
               ^^^^^^^^^^^^^^^^^^^^^^^^^^^^^^^^^^^^^^^^^^^^^^^^^^^^^^^^^^^^^^^^^^^^
  File "D:\appartment mix\export_flats.py", line 173, in export_flats
    area = get_area_value(group)
           ^^^^^^^^^^^^^^^^^^^^^
  File "D:\appartment mix\export_flats.py", line 133, in get_area_value
    return round(float(area_value), 2).replace('.', ',')
           ^^^^^^^^^^^^^^^^^^^^^^^^^^^^^^^^^^^
AttributeError: 'float' object has no attribute 'replace'
2025-08-18 02:23:09 [INFO] 127.0.0.1 - - [18/Aug/2025 02:23:09] "[35m[1mPOST /uploads HTTP/1.1[0m" 500 -
2025-08-18 02:26:44 [INFO]  * Detected change in 'D:\\appartment mix\\export_flats.py', reloading
2025-08-18 02:26:44 [INFO]  * Restarting with stat
2025-08-18 02:27:36 [INFO] Starting IFC to Google Sheets converter...
2025-08-18 02:27:36 [INFO] Starting IFC to Google Sheets converter...
2025-08-18 02:27:36 [INFO] [31m[1mWARNING: This is a development server. Do not use it in a production deployment. Use a production WSGI server instead.[0m
 * Running on all addresses (0.0.0.0)
 * Running on http://127.0.0.1:5000
 * Running on http://10.33.0.2:5000
2025-08-18 02:27:36 [INFO] [33mPress CTRL+C to quit[0m
2025-08-18 02:27:36 [INFO]  * Restarting with stat
2025-08-18 02:27:38 [INFO] Starting IFC to Google Sheets converter...
2025-08-18 02:27:38 [INFO] Starting IFC to Google Sheets converter...
2025-08-18 02:27:38 [WARNING]  * Debugger is active!
2025-08-18 02:27:38 [INFO]  * Debugger PIN: 158-620-407
2025-08-18 02:27:38 [INFO] 127.0.0.1 - - [18/Aug/2025 02:27:38] "GET / HTTP/1.1" 200 -
2025-08-18 02:27:47 [INFO] File uploaded: део01 - жрг 2.ifczip -> део01 - жрг 2.ifczip
2025-08-18 02:27:47 [INFO] File uploaded: део01 - жрг 2.ifczip -> део01 - жрг 2.ifczip
2025-08-18 02:27:47 [INFO] Processing IFC file: uploads\део01 - жрг 2.ifczip
2025-08-18 02:27:47 [INFO] Processing IFC file: uploads\део01 - жрг 2.ifczip
2025-08-18 02:27:49 [INFO] Exported 367 flats to downloads\део01 - жрг 2.csv
2025-08-18 02:27:49 [INFO] Exported 367 flats to downloads\део01 - жрг 2.csv
2025-08-18 02:27:49 [INFO] CSV generated: downloads\део01 - жрг 2.csv
2025-08-18 02:27:49 [INFO] CSV generated: downloads\део01 - жрг 2.csv
2025-08-18 02:27:49 [INFO] Authenticated with Google Sheets API
2025-08-18 02:27:49 [INFO] Authenticated with Google Sheets API
2025-08-18 02:27:51 [ERROR] Google Sheets upload error: {'code': 403, 'message': "The user's Drive storage quota has been exceeded.", 'errors': [{'message': "The user's Drive storage quota has been exceeded.", 'domain': 'usageLimits', 'reason': 'storageQuotaExceeded'}]}
Traceback (most recent call last):
  File "D:\appartment mix\gsheets.py", line 64, in upload_to_google_sheets
    spreadsheet = client.create(spreadsheet_name)
                  ^^^^^^^^^^^^^^^^^^^^^^^^^^^^^^^
  File "C:\Users\grash88\AppData\Local\JetBrains\PyCharmCE2024.1\demo\PyCharmLearningProject\venv\Lib\site-packages\gspread\client.py", line 247, in create
    r = self.request("post", DRIVE_FILES_API_V3_URL, json=payload, params=params)
        ^^^^^^^^^^^^^^^^^^^^^^^^^^^^^^^^^^^^^^^^^^^^^^^^^^^^^^^^^^^^^^^^^^^^^^^^^
  File "C:\Users\grash88\AppData\Local\JetBrains\PyCharmCE2024.1\demo\PyCharmLearningProject\venv\Lib\site-packages\gspread\client.py", line 93, in request
    raise APIError(response)
gspread.exceptions.APIError: {'code': 403, 'message': "The user's Drive storage quota has been exceeded.", 'errors': [{'message': "The user's Drive storage quota has been exceeded.", 'domain': 'usageLimits', 'reason': 'storageQuotaExceeded'}]}
2025-08-18 02:27:51 [ERROR] Google Sheets upload error: {'code': 403, 'message': "The user's Drive storage quota has been exceeded.", 'errors': [{'message': "The user's Drive storage quota has been exceeded.", 'domain': 'usageLimits', 'reason': 'storageQuotaExceeded'}]}
Traceback (most recent call last):
  File "D:\appartment mix\gsheets.py", line 64, in upload_to_google_sheets
    spreadsheet = client.create(spreadsheet_name)
                  ^^^^^^^^^^^^^^^^^^^^^^^^^^^^^^^
  File "C:\Users\grash88\AppData\Local\JetBrains\PyCharmCE2024.1\demo\PyCharmLearningProject\venv\Lib\site-packages\gspread\client.py", line 247, in create
    r = self.request("post", DRIVE_FILES_API_V3_URL, json=payload, params=params)
        ^^^^^^^^^^^^^^^^^^^^^^^^^^^^^^^^^^^^^^^^^^^^^^^^^^^^^^^^^^^^^^^^^^^^^^^^^
  File "C:\Users\grash88\AppData\Local\JetBrains\PyCharmCE2024.1\demo\PyCharmLearningProject\venv\Lib\site-packages\gspread\client.py", line 93, in request
    raise APIError(response)
gspread.exceptions.APIError: {'code': 403, 'message': "The user's Drive storage quota has been exceeded.", 'errors': [{'message': "The user's Drive storage quota has been exceeded.", 'domain': 'usageLimits', 'reason': 'storageQuotaExceeded'}]}
2025-08-18 02:27:51 [WARNING] Google Sheets upload failed: {'code': 403, 'message': "The user's Drive storage quota has been exceeded.", 'errors': [{'message': "The user's Drive storage quota has been exceeded.", 'domain': 'usageLimits', 'reason': 'storageQuotaExceeded'}]}
2025-08-18 02:27:51 [WARNING] Google Sheets upload failed: {'code': 403, 'message': "The user's Drive storage quota has been exceeded.", 'errors': [{'message': "The user's Drive storage quota has been exceeded.", 'domain': 'usageLimits', 'reason': 'storageQuotaExceeded'}]}
2025-08-18 02:27:51 [INFO] 127.0.0.1 - - [18/Aug/2025 02:27:51] "POST /uploads HTTP/1.1" 200 -
2025-08-18 02:28:09 [INFO] 127.0.0.1 - - [18/Aug/2025 02:28:09] "GET /downloads/део01%20-%20жрг%202.csv HTTP/1.1" 200 -
2025-08-18 02:29:04 [INFO] 127.0.0.1 - - [18/Aug/2025 02:29:04] "GET / HTTP/1.1" 200 -
2025-08-18 02:29:41 [INFO] File uploaded: део01 - жрг 2.ifczip -> део01 - жрг 2_e4751ae2.ifczip
2025-08-18 02:29:41 [INFO] File uploaded: део01 - жрг 2.ifczip -> део01 - жрг 2_e4751ae2.ifczip
2025-08-18 02:29:41 [INFO] Processing IFC file: uploads\део01 - жрг 2_e4751ae2.ifczip
2025-08-18 02:29:41 [INFO] Processing IFC file: uploads\део01 - жрг 2_e4751ae2.ifczip
2025-08-18 02:29:42 [INFO] Exported 367 flats to downloads\део01 - жрг 2.csv
2025-08-18 02:29:42 [INFO] Exported 367 flats to downloads\део01 - жрг 2.csv
2025-08-18 02:29:42 [INFO] CSV generated: downloads\део01 - жрг 2.csv
2025-08-18 02:29:42 [INFO] CSV generated: downloads\део01 - жрг 2.csv
2025-08-18 02:29:42 [INFO] Authenticated with Google Sheets API
2025-08-18 02:29:42 [INFO] Authenticated with Google Sheets API
2025-08-18 02:29:43 [ERROR] Google Sheets upload error: {'code': 403, 'message': "The user's Drive storage quota has been exceeded.", 'errors': [{'message': "The user's Drive storage quota has been exceeded.", 'domain': 'usageLimits', 'reason': 'storageQuotaExceeded'}]}
Traceback (most recent call last):
  File "D:\appartment mix\gsheets.py", line 64, in upload_to_google_sheets
    spreadsheet = client.create(spreadsheet_name)
                  ^^^^^^^^^^^^^^^^^^^^^^^^^^^^^^^
  File "C:\Users\grash88\AppData\Local\JetBrains\PyCharmCE2024.1\demo\PyCharmLearningProject\venv\Lib\site-packages\gspread\client.py", line 247, in create
    r = self.request("post", DRIVE_FILES_API_V3_URL, json=payload, params=params)
        ^^^^^^^^^^^^^^^^^^^^^^^^^^^^^^^^^^^^^^^^^^^^^^^^^^^^^^^^^^^^^^^^^^^^^^^^^
  File "C:\Users\grash88\AppData\Local\JetBrains\PyCharmCE2024.1\demo\PyCharmLearningProject\venv\Lib\site-packages\gspread\client.py", line 93, in request
    raise APIError(response)
gspread.exceptions.APIError: {'code': 403, 'message': "The user's Drive storage quota has been exceeded.", 'errors': [{'message': "The user's Drive storage quota has been exceeded.", 'domain': 'usageLimits', 'reason': 'storageQuotaExceeded'}]}
2025-08-18 02:29:43 [ERROR] Google Sheets upload error: {'code': 403, 'message': "The user's Drive storage quota has been exceeded.", 'errors': [{'message': "The user's Drive storage quota has been exceeded.", 'domain': 'usageLimits', 'reason': 'storageQuotaExceeded'}]}
Traceback (most recent call last):
  File "D:\appartment mix\gsheets.py", line 64, in upload_to_google_sheets
    spreadsheet = client.create(spreadsheet_name)
                  ^^^^^^^^^^^^^^^^^^^^^^^^^^^^^^^
  File "C:\Users\grash88\AppData\Local\JetBrains\PyCharmCE2024.1\demo\PyCharmLearningProject\venv\Lib\site-packages\gspread\client.py", line 247, in create
    r = self.request("post", DRIVE_FILES_API_V3_URL, json=payload, params=params)
        ^^^^^^^^^^^^^^^^^^^^^^^^^^^^^^^^^^^^^^^^^^^^^^^^^^^^^^^^^^^^^^^^^^^^^^^^^
  File "C:\Users\grash88\AppData\Local\JetBrains\PyCharmCE2024.1\demo\PyCharmLearningProject\venv\Lib\site-packages\gspread\client.py", line 93, in request
    raise APIError(response)
gspread.exceptions.APIError: {'code': 403, 'message': "The user's Drive storage quota has been exceeded.", 'errors': [{'message': "The user's Drive storage quota has been exceeded.", 'domain': 'usageLimits', 'reason': 'storageQuotaExceeded'}]}
2025-08-18 02:29:43 [WARNING] Google Sheets upload failed: {'code': 403, 'message': "The user's Drive storage quota has been exceeded.", 'errors': [{'message': "The user's Drive storage quota has been exceeded.", 'domain': 'usageLimits', 'reason': 'storageQuotaExceeded'}]}
2025-08-18 02:29:43 [WARNING] Google Sheets upload failed: {'code': 403, 'message': "The user's Drive storage quota has been exceeded.", 'errors': [{'message': "The user's Drive storage quota has been exceeded.", 'domain': 'usageLimits', 'reason': 'storageQuotaExceeded'}]}
2025-08-18 02:29:43 [INFO] 127.0.0.1 - - [18/Aug/2025 02:29:43] "POST /uploads HTTP/1.1" 200 -
2025-08-18 02:46:30 [INFO] Starting IFC to Google Sheets converter...
2025-08-18 02:46:30 [INFO] Starting IFC to Google Sheets converter...
2025-08-18 02:46:30 [INFO] [31m[1mWARNING: This is a development server. Do not use it in a production deployment. Use a production WSGI server instead.[0m
 * Running on all addresses (0.0.0.0)
 * Running on http://127.0.0.1:5000
 * Running on http://10.33.0.2:5000
2025-08-18 02:46:30 [INFO] [33mPress CTRL+C to quit[0m
2025-08-18 02:46:30 [INFO]  * Restarting with stat
2025-08-18 02:46:31 [INFO] Starting IFC to Google Sheets converter...
2025-08-18 02:46:31 [INFO] Starting IFC to Google Sheets converter...
2025-08-18 02:46:32 [WARNING]  * Debugger is active!
2025-08-18 02:46:32 [INFO]  * Debugger PIN: 158-620-407
2025-08-18 02:46:32 [INFO] 127.0.0.1 - - [18/Aug/2025 02:46:32] "GET / HTTP/1.1" 200 -
2025-08-18 02:47:41 [INFO] File uploaded: део01 - жрг 2.ifczip -> део01 - жрг 2.ifczip
2025-08-18 02:47:41 [INFO] File uploaded: део01 - жрг 2.ifczip -> део01 - жрг 2.ifczip
2025-08-18 02:47:41 [INFO] Processing IFC file: uploads\део01 - жрг 2.ifczip
2025-08-18 02:47:41 [INFO] Processing IFC file: uploads\део01 - жрг 2.ifczip
2025-08-18 02:47:42 [INFO] Exported 367 flats to downloads\део01 - жрг 2.csv
2025-08-18 02:47:42 [INFO] Exported 367 flats to downloads\део01 - жрг 2.csv
2025-08-18 02:47:43 [INFO] CSV generated: downloads\део01 - жрг 2.csv
2025-08-18 02:47:43 [INFO] CSV generated: downloads\део01 - жрг 2.csv
2025-08-18 02:47:43 [INFO] Authenticated with Google Sheets API
2025-08-18 02:47:43 [INFO] Authenticated with Google Sheets API
2025-08-18 02:47:44 [INFO] Opened existing spreadsheet: йБЮПРХПНЦПЮТХЪ_йСКЭЛЮМ_test
2025-08-18 02:47:44 [INFO] Opened existing spreadsheet: йБЮПРХПНЦПЮТХЪ_йСКЭЛЮМ_test
2025-08-18 02:47:44 [ERROR] Google Sheets upload error: name 're' is not defined
Traceback (most recent call last):
  File "D:\appartment mix\gsheets.py", line 105, in upload_to_google_sheets
    sheet_name = sanitize_sheet_name(original_filename)
                 ^^^^^^^^^^^^^^^^^^^^^^^^^^^^^^^^^^^^^^
  File "D:\appartment mix\gsheets.py", line 45, in sanitize_sheet_name
    sanitized = re.sub(r'[^\w\-\.\s]', '_', name)
                ^^
NameError: name 're' is not defined
2025-08-18 02:47:44 [ERROR] Google Sheets upload error: name 're' is not defined
Traceback (most recent call last):
  File "D:\appartment mix\gsheets.py", line 105, in upload_to_google_sheets
    sheet_name = sanitize_sheet_name(original_filename)
                 ^^^^^^^^^^^^^^^^^^^^^^^^^^^^^^^^^^^^^^
  File "D:\appartment mix\gsheets.py", line 45, in sanitize_sheet_name
    sanitized = re.sub(r'[^\w\-\.\s]', '_', name)
                ^^
NameError: name 're' is not defined
2025-08-18 02:47:44 [WARNING] Google Sheets upload failed: name 're' is not defined
2025-08-18 02:47:44 [WARNING] Google Sheets upload failed: name 're' is not defined
2025-08-18 02:47:44 [INFO] 127.0.0.1 - - [18/Aug/2025 02:47:44] "POST /uploads HTTP/1.1" 200 -
2025-08-18 02:49:41 [INFO]  * Detected change in 'D:\\appartment mix\\gsheets.py', reloading
2025-08-18 02:49:41 [INFO]  * Restarting with stat
2025-08-18 02:49:43 [INFO] Starting IFC to Google Sheets converter...
2025-08-18 02:49:43 [INFO] Starting IFC to Google Sheets converter...
2025-08-18 02:49:44 [WARNING]  * Debugger is active!
2025-08-18 02:49:44 [INFO]  * Debugger PIN: 158-620-407
2025-08-22 23:47:29 [INFO] Starting IFC to Google Sheets converter...
2025-08-22 23:47:29 [INFO] Starting IFC to Google Sheets converter...
2025-08-22 23:47:29 [INFO] [31m[1mWARNING: This is a development server. Do not use it in a production deployment. Use a production WSGI server instead.[0m
 * Running on all addresses (0.0.0.0)
 * Running on http://127.0.0.1:5000
 * Running on http://10.33.0.2:5000
2025-08-22 23:47:29 [INFO] [33mPress CTRL+C to quit[0m
2025-08-22 23:47:29 [INFO]  * Restarting with stat
2025-08-22 23:47:30 [INFO] Starting IFC to Google Sheets converter...
2025-08-22 23:47:30 [INFO] Starting IFC to Google Sheets converter...
2025-08-22 23:47:30 [WARNING]  * Debugger is active!
2025-08-22 23:47:30 [INFO]  * Debugger PIN: 158-620-407
2025-08-22 23:47:34 [INFO] 127.0.0.1 - - [22/Aug/2025 23:47:34] "GET / HTTP/1.1" 200 -
2025-08-22 23:47:39 [INFO] File uploaded: олю01 - жрг 9.ifczip -> олю01 - жрг 9_942f9f09.ifczip
2025-08-22 23:47:39 [INFO] File uploaded: олю01 - жрг 9.ifczip -> олю01 - жрг 9_942f9f09.ifczip
2025-08-22 23:47:39 [INFO] Processing IFC file: uploads\олю01 - жрг 9_942f9f09.ifczip
2025-08-22 23:47:39 [INFO] Processing IFC file: uploads\олю01 - жрг 9_942f9f09.ifczip
2025-08-22 23:47:41 [INFO] Exported 504 flats to downloads\олю01 - жрг 9.csv
2025-08-22 23:47:41 [INFO] Exported 504 flats to downloads\олю01 - жрг 9.csv
2025-08-22 23:47:41 [INFO] CSV generated: downloads\олю01 - жрг 9.csv
2025-08-22 23:47:41 [INFO] CSV generated: downloads\олю01 - жрг 9.csv
2025-08-22 23:47:41 [ERROR] Google Sheets upload error: Missing environment variables: ['GS_TYPE', 'GS_PROJECT_ID', 'GS_PRIVATE_KEY_ID', 'GS_PRIVATE_KEY', 'GS_CLIENT_EMAIL', 'GS_CLIENT_ID', 'GS_AUTH_URI', 'GS_TOKEN_URI', 'GS_SPREADSHEET_ID']
Traceback (most recent call last):
  File "D:\appartment mix\gsheets.py", line 65, in upload_to_google_sheets
    validate_gs_credentials()
  File "D:\appartment mix\gsheets.py", line 33, in validate_gs_credentials
    raise ValueError(f"Missing environment variables: {missing}")
ValueError: Missing environment variables: ['GS_TYPE', 'GS_PROJECT_ID', 'GS_PRIVATE_KEY_ID', 'GS_PRIVATE_KEY', 'GS_CLIENT_EMAIL', 'GS_CLIENT_ID', 'GS_AUTH_URI', 'GS_TOKEN_URI', 'GS_SPREADSHEET_ID']
2025-08-22 23:47:41 [ERROR] Google Sheets upload error: Missing environment variables: ['GS_TYPE', 'GS_PROJECT_ID', 'GS_PRIVATE_KEY_ID', 'GS_PRIVATE_KEY', 'GS_CLIENT_EMAIL', 'GS_CLIENT_ID', 'GS_AUTH_URI', 'GS_TOKEN_URI', 'GS_SPREADSHEET_ID']
Traceback (most recent call last):
  File "D:\appartment mix\gsheets.py", line 65, in upload_to_google_sheets
    validate_gs_credentials()
  File "D:\appartment mix\gsheets.py", line 33, in validate_gs_credentials
    raise ValueError(f"Missing environment variables: {missing}")
ValueError: Missing environment variables: ['GS_TYPE', 'GS_PROJECT_ID', 'GS_PRIVATE_KEY_ID', 'GS_PRIVATE_KEY', 'GS_CLIENT_EMAIL', 'GS_CLIENT_ID', 'GS_AUTH_URI', 'GS_TOKEN_URI', 'GS_SPREADSHEET_ID']
2025-08-22 23:47:41 [WARNING] Google Sheets upload failed: Missing environment variables: ['GS_TYPE', 'GS_PROJECT_ID', 'GS_PRIVATE_KEY_ID', 'GS_PRIVATE_KEY', 'GS_CLIENT_EMAIL', 'GS_CLIENT_ID', 'GS_AUTH_URI', 'GS_TOKEN_URI', 'GS_SPREADSHEET_ID']
2025-08-22 23:47:41 [WARNING] Google Sheets upload failed: Missing environment variables: ['GS_TYPE', 'GS_PROJECT_ID', 'GS_PRIVATE_KEY_ID', 'GS_PRIVATE_KEY', 'GS_CLIENT_EMAIL', 'GS_CLIENT_ID', 'GS_AUTH_URI', 'GS_TOKEN_URI', 'GS_SPREADSHEET_ID']
2025-08-22 23:47:41 [INFO] 127.0.0.1 - - [22/Aug/2025 23:47:41] "POST /uploads HTTP/1.1" 200 -
2025-08-22 23:49:25 [INFO] Starting IFC to Google Sheets converter...
2025-08-22 23:49:25 [INFO] Starting IFC to Google Sheets converter...
2025-08-22 23:49:25 [WARNING] Python-dotenv could not parse statement starting at line 2
2025-08-22 23:49:25 [WARNING] Python-dotenv could not parse statement starting at line 4
2025-08-22 23:49:25 [WARNING] Python-dotenv could not parse statement starting at line 5
2025-08-22 23:49:25 [WARNING] Python-dotenv could not parse statement starting at line 6
2025-08-22 23:49:25 [WARNING] Python-dotenv could not parse statement starting at line 7
2025-08-22 23:49:25 [WARNING] Python-dotenv could not parse statement starting at line 8
2025-08-22 23:49:25 [WARNING] Python-dotenv could not parse statement starting at line 9
2025-08-22 23:49:25 [WARNING] Python-dotenv could not parse statement starting at line 10
2025-08-22 23:49:25 [WARNING] Python-dotenv could not parse statement starting at line 11
2025-08-22 23:49:25 [INFO] [31m[1mWARNING: This is a development server. Do not use it in a production deployment. Use a production WSGI server instead.[0m
 * Running on all addresses (0.0.0.0)
 * Running on http://127.0.0.1:5000
 * Running on http://10.33.0.2:5000
2025-08-22 23:49:25 [INFO] [33mPress CTRL+C to quit[0m
2025-08-22 23:49:25 [INFO]  * Restarting with stat
2025-08-22 23:49:26 [INFO] Starting IFC to Google Sheets converter...
2025-08-22 23:49:26 [INFO] Starting IFC to Google Sheets converter...
2025-08-22 23:49:26 [WARNING] Python-dotenv could not parse statement starting at line 2
2025-08-22 23:49:26 [WARNING] Python-dotenv could not parse statement starting at line 4
2025-08-22 23:49:26 [WARNING] Python-dotenv could not parse statement starting at line 5
2025-08-22 23:49:26 [WARNING] Python-dotenv could not parse statement starting at line 6
2025-08-22 23:49:26 [WARNING] Python-dotenv could not parse statement starting at line 7
2025-08-22 23:49:26 [WARNING] Python-dotenv could not parse statement starting at line 8
2025-08-22 23:49:26 [WARNING] Python-dotenv could not parse statement starting at line 9
2025-08-22 23:49:26 [WARNING] Python-dotenv could not parse statement starting at line 10
2025-08-22 23:49:26 [WARNING] Python-dotenv could not parse statement starting at line 11
2025-08-22 23:49:26 [WARNING]  * Debugger is active!
2025-08-22 23:49:26 [INFO]  * Debugger PIN: 158-620-407
2025-08-22 23:49:26 [INFO] 127.0.0.1 - - [22/Aug/2025 23:49:26] "GET / HTTP/1.1" 200 -
2025-08-22 23:49:51 [INFO] File uploaded: олю01 - жрг 9_942f9f09.ifczip -> олю01 - жрг 9_942f9f09_5f31c14f.ifczip
2025-08-22 23:49:51 [INFO] File uploaded: олю01 - жрг 9_942f9f09.ifczip -> олю01 - жрг 9_942f9f09_5f31c14f.ifczip
2025-08-22 23:49:51 [INFO] Processing IFC file: uploads\олю01 - жрг 9_942f9f09_5f31c14f.ifczip
2025-08-22 23:49:51 [INFO] Processing IFC file: uploads\олю01 - жрг 9_942f9f09_5f31c14f.ifczip
2025-08-22 23:49:53 [INFO] Exported 504 flats to downloads\олю01 - жрг 9_942f9f09.csv
2025-08-22 23:49:53 [INFO] Exported 504 flats to downloads\олю01 - жрг 9_942f9f09.csv
2025-08-22 23:49:53 [INFO] CSV generated: downloads\олю01 - жрг 9_942f9f09.csv
2025-08-22 23:49:53 [INFO] CSV generated: downloads\олю01 - жрг 9_942f9f09.csv
2025-08-22 23:49:53 [ERROR] Google Sheets upload error: Missing environment variables: ['GS_TYPE', 'GS_PROJECT_ID', 'GS_PRIVATE_KEY_ID', 'GS_PRIVATE_KEY', 'GS_CLIENT_EMAIL', 'GS_CLIENT_ID', 'GS_AUTH_URI', 'GS_TOKEN_URI', 'GS_SPREADSHEET_ID']
Traceback (most recent call last):
  File "D:\appartment mix\gsheets.py", line 65, in upload_to_google_sheets
    validate_gs_credentials()
  File "D:\appartment mix\gsheets.py", line 33, in validate_gs_credentials
    raise ValueError(f"Missing environment variables: {missing}")
ValueError: Missing environment variables: ['GS_TYPE', 'GS_PROJECT_ID', 'GS_PRIVATE_KEY_ID', 'GS_PRIVATE_KEY', 'GS_CLIENT_EMAIL', 'GS_CLIENT_ID', 'GS_AUTH_URI', 'GS_TOKEN_URI', 'GS_SPREADSHEET_ID']
2025-08-22 23:49:53 [ERROR] Google Sheets upload error: Missing environment variables: ['GS_TYPE', 'GS_PROJECT_ID', 'GS_PRIVATE_KEY_ID', 'GS_PRIVATE_KEY', 'GS_CLIENT_EMAIL', 'GS_CLIENT_ID', 'GS_AUTH_URI', 'GS_TOKEN_URI', 'GS_SPREADSHEET_ID']
Traceback (most recent call last):
  File "D:\appartment mix\gsheets.py", line 65, in upload_to_google_sheets
    validate_gs_credentials()
  File "D:\appartment mix\gsheets.py", line 33, in validate_gs_credentials
    raise ValueError(f"Missing environment variables: {missing}")
ValueError: Missing environment variables: ['GS_TYPE', 'GS_PROJECT_ID', 'GS_PRIVATE_KEY_ID', 'GS_PRIVATE_KEY', 'GS_CLIENT_EMAIL', 'GS_CLIENT_ID', 'GS_AUTH_URI', 'GS_TOKEN_URI', 'GS_SPREADSHEET_ID']
2025-08-22 23:49:53 [WARNING] Google Sheets upload failed: Missing environment variables: ['GS_TYPE', 'GS_PROJECT_ID', 'GS_PRIVATE_KEY_ID', 'GS_PRIVATE_KEY', 'GS_CLIENT_EMAIL', 'GS_CLIENT_ID', 'GS_AUTH_URI', 'GS_TOKEN_URI', 'GS_SPREADSHEET_ID']
2025-08-22 23:49:53 [WARNING] Google Sheets upload failed: Missing environment variables: ['GS_TYPE', 'GS_PROJECT_ID', 'GS_PRIVATE_KEY_ID', 'GS_PRIVATE_KEY', 'GS_CLIENT_EMAIL', 'GS_CLIENT_ID', 'GS_AUTH_URI', 'GS_TOKEN_URI', 'GS_SPREADSHEET_ID']
2025-08-22 23:49:53 [INFO] 127.0.0.1 - - [22/Aug/2025 23:49:53] "POST /uploads HTTP/1.1" 200 -
2025-08-22 23:51:03 [INFO]  * Detected change in 'D:\\appartment mix\\gsheets.py', reloading
2025-08-22 23:51:03 [INFO]  * Restarting with stat
2025-08-22 23:51:04 [INFO] Starting IFC to Google Sheets converter...
2025-08-22 23:51:04 [INFO] Starting IFC to Google Sheets converter...
2025-08-22 23:51:04 [WARNING] Python-dotenv could not parse statement starting at line 2
2025-08-22 23:51:04 [WARNING] Python-dotenv could not parse statement starting at line 4
2025-08-22 23:51:04 [WARNING] Python-dotenv could not parse statement starting at line 5
2025-08-22 23:51:04 [WARNING] Python-dotenv could not parse statement starting at line 6
2025-08-22 23:51:04 [WARNING] Python-dotenv could not parse statement starting at line 7
2025-08-22 23:51:04 [WARNING] Python-dotenv could not parse statement starting at line 8
2025-08-22 23:51:04 [WARNING] Python-dotenv could not parse statement starting at line 9
2025-08-22 23:51:04 [WARNING] Python-dotenv could not parse statement starting at line 10
2025-08-22 23:51:04 [WARNING] Python-dotenv could not parse statement starting at line 11
2025-08-22 23:51:04 [WARNING]  * Debugger is active!
2025-08-22 23:51:04 [INFO]  * Debugger PIN: 158-620-407
2025-08-22 23:51:14 [INFO]  * Detected change in 'D:\\appartment mix\\gsheets.py', reloading
2025-08-22 23:51:15 [INFO]  * Restarting with stat
2025-08-22 23:51:17 [INFO] Starting IFC to Google Sheets converter...
2025-08-22 23:51:17 [INFO] Starting IFC to Google Sheets converter...
2025-08-22 23:51:17 [WARNING] Python-dotenv could not parse statement starting at line 2
2025-08-22 23:51:17 [WARNING] Python-dotenv could not parse statement starting at line 4
2025-08-22 23:51:17 [WARNING] Python-dotenv could not parse statement starting at line 5
2025-08-22 23:51:17 [WARNING] Python-dotenv could not parse statement starting at line 6
2025-08-22 23:51:17 [WARNING] Python-dotenv could not parse statement starting at line 7
2025-08-22 23:51:17 [WARNING] Python-dotenv could not parse statement starting at line 8
2025-08-22 23:51:17 [WARNING] Python-dotenv could not parse statement starting at line 9
2025-08-22 23:51:17 [WARNING] Python-dotenv could not parse statement starting at line 10
2025-08-22 23:51:17 [WARNING] Python-dotenv could not parse statement starting at line 11
2025-08-22 23:51:17 [WARNING]  * Debugger is active!
2025-08-22 23:51:17 [INFO]  * Debugger PIN: 158-620-407
2025-08-22 23:51:39 [INFO] Starting IFC to Google Sheets converter...
2025-08-22 23:51:39 [INFO] Starting IFC to Google Sheets converter...
2025-08-22 23:51:39 [WARNING] Python-dotenv could not parse statement starting at line 2
2025-08-22 23:51:39 [WARNING] Python-dotenv could not parse statement starting at line 4
2025-08-22 23:51:39 [WARNING] Python-dotenv could not parse statement starting at line 5
2025-08-22 23:51:39 [WARNING] Python-dotenv could not parse statement starting at line 6
2025-08-22 23:51:39 [WARNING] Python-dotenv could not parse statement starting at line 7
2025-08-22 23:51:39 [WARNING] Python-dotenv could not parse statement starting at line 8
2025-08-22 23:51:39 [WARNING] Python-dotenv could not parse statement starting at line 9
2025-08-22 23:51:39 [WARNING] Python-dotenv could not parse statement starting at line 10
2025-08-22 23:51:39 [WARNING] Python-dotenv could not parse statement starting at line 11
2025-08-22 23:51:39 [INFO] [31m[1mWARNING: This is a development server. Do not use it in a production deployment. Use a production WSGI server instead.[0m
 * Running on all addresses (0.0.0.0)
 * Running on http://127.0.0.1:5000
 * Running on http://10.33.0.2:5000
2025-08-22 23:51:39 [INFO] [33mPress CTRL+C to quit[0m
2025-08-22 23:51:39 [INFO]  * Restarting with stat
2025-08-22 23:51:40 [INFO] Starting IFC to Google Sheets converter...
2025-08-22 23:51:40 [INFO] Starting IFC to Google Sheets converter...
2025-08-22 23:51:40 [WARNING] Python-dotenv could not parse statement starting at line 2
2025-08-22 23:51:40 [WARNING] Python-dotenv could not parse statement starting at line 4
2025-08-22 23:51:40 [WARNING] Python-dotenv could not parse statement starting at line 5
2025-08-22 23:51:40 [WARNING] Python-dotenv could not parse statement starting at line 6
2025-08-22 23:51:40 [WARNING] Python-dotenv could not parse statement starting at line 7
2025-08-22 23:51:40 [WARNING] Python-dotenv could not parse statement starting at line 8
2025-08-22 23:51:40 [WARNING] Python-dotenv could not parse statement starting at line 9
2025-08-22 23:51:40 [WARNING] Python-dotenv could not parse statement starting at line 10
2025-08-22 23:51:40 [WARNING] Python-dotenv could not parse statement starting at line 11
2025-08-22 23:51:40 [WARNING]  * Debugger is active!
2025-08-22 23:51:40 [INFO]  * Debugger PIN: 158-620-407
2025-08-22 23:51:48 [INFO] File uploaded: олю01 - жрг 9.ifczip -> олю01 - жрг 9_9f34a77d.ifczip
2025-08-22 23:51:48 [INFO] File uploaded: олю01 - жрг 9.ifczip -> олю01 - жрг 9_9f34a77d.ifczip
2025-08-22 23:51:48 [INFO] Processing IFC file: uploads\олю01 - жрг 9_9f34a77d.ifczip
2025-08-22 23:51:48 [INFO] Processing IFC file: uploads\олю01 - жрг 9_9f34a77d.ifczip
2025-08-22 23:51:49 [INFO] Exported 504 flats to downloads\олю01 - жрг 9.csv
2025-08-22 23:51:49 [INFO] Exported 504 flats to downloads\олю01 - жрг 9.csv
2025-08-22 23:51:50 [INFO] CSV generated: downloads\олю01 - жрг 9.csv
2025-08-22 23:51:50 [INFO] CSV generated: downloads\олю01 - жрг 9.csv
2025-08-22 23:51:50 [ERROR] Google Sheets upload error: Missing environment variables: ['GS_TYPE', 'GS_PROJECT_ID', 'GS_PRIVATE_KEY_ID', 'GS_PRIVATE_KEY', 'GS_CLIENT_EMAIL', 'GS_CLIENT_ID', 'GS_AUTH_URI', 'GS_TOKEN_URI', 'GS_SPREADSHEET_ID']
Traceback (most recent call last):
  File "D:\appartment mix\gsheets.py", line 69, in upload_to_google_sheets
    validate_gs_credentials()
  File "D:\appartment mix\gsheets.py", line 34, in validate_gs_credentials
    raise ValueError(f"Missing environment variables: {missing}")
ValueError: Missing environment variables: ['GS_TYPE', 'GS_PROJECT_ID', 'GS_PRIVATE_KEY_ID', 'GS_PRIVATE_KEY', 'GS_CLIENT_EMAIL', 'GS_CLIENT_ID', 'GS_AUTH_URI', 'GS_TOKEN_URI', 'GS_SPREADSHEET_ID']
2025-08-22 23:51:50 [ERROR] Google Sheets upload error: Missing environment variables: ['GS_TYPE', 'GS_PROJECT_ID', 'GS_PRIVATE_KEY_ID', 'GS_PRIVATE_KEY', 'GS_CLIENT_EMAIL', 'GS_CLIENT_ID', 'GS_AUTH_URI', 'GS_TOKEN_URI', 'GS_SPREADSHEET_ID']
Traceback (most recent call last):
  File "D:\appartment mix\gsheets.py", line 69, in upload_to_google_sheets
    validate_gs_credentials()
  File "D:\appartment mix\gsheets.py", line 34, in validate_gs_credentials
    raise ValueError(f"Missing environment variables: {missing}")
ValueError: Missing environment variables: ['GS_TYPE', 'GS_PROJECT_ID', 'GS_PRIVATE_KEY_ID', 'GS_PRIVATE_KEY', 'GS_CLIENT_EMAIL', 'GS_CLIENT_ID', 'GS_AUTH_URI', 'GS_TOKEN_URI', 'GS_SPREADSHEET_ID']
2025-08-22 23:51:50 [WARNING] Google Sheets upload failed: Missing environment variables: ['GS_TYPE', 'GS_PROJECT_ID', 'GS_PRIVATE_KEY_ID', 'GS_PRIVATE_KEY', 'GS_CLIENT_EMAIL', 'GS_CLIENT_ID', 'GS_AUTH_URI', 'GS_TOKEN_URI', 'GS_SPREADSHEET_ID']
2025-08-22 23:51:50 [WARNING] Google Sheets upload failed: Missing environment variables: ['GS_TYPE', 'GS_PROJECT_ID', 'GS_PRIVATE_KEY_ID', 'GS_PRIVATE_KEY', 'GS_CLIENT_EMAIL', 'GS_CLIENT_ID', 'GS_AUTH_URI', 'GS_TOKEN_URI', 'GS_SPREADSHEET_ID']
2025-08-22 23:51:50 [INFO] 127.0.0.1 - - [22/Aug/2025 23:51:50] "POST /uploads HTTP/1.1" 200 -
2025-08-22 23:52:03 [INFO] 127.0.0.1 - - [22/Aug/2025 23:52:03] "GET /downloads/олю01%20-%20жрг%209.csv HTTP/1.1" 200 -
2025-08-22 23:55:46 [INFO] Starting IFC to Google Sheets converter...
2025-08-22 23:55:46 [INFO] Starting IFC to Google Sheets converter...
2025-08-22 23:55:46 [INFO] [31m[1mWARNING: This is a development server. Do not use it in a production deployment. Use a production WSGI server instead.[0m
 * Running on all addresses (0.0.0.0)
 * Running on http://127.0.0.1:5000
 * Running on http://10.33.0.2:5000
2025-08-22 23:55:46 [INFO] [33mPress CTRL+C to quit[0m
2025-08-22 23:55:46 [INFO]  * Restarting with stat
2025-08-22 23:55:47 [INFO] Starting IFC to Google Sheets converter...
2025-08-22 23:55:47 [INFO] Starting IFC to Google Sheets converter...
2025-08-22 23:55:47 [WARNING]  * Debugger is active!
2025-08-22 23:55:47 [INFO]  * Debugger PIN: 158-620-407
2025-08-22 23:55:58 [INFO] File uploaded: олю01 - жрг 9.ifczip -> олю01 - жрг 9_03787c31.ifczip
2025-08-22 23:55:58 [INFO] File uploaded: олю01 - жрг 9.ifczip -> олю01 - жрг 9_03787c31.ifczip
2025-08-22 23:55:58 [INFO] Processing IFC file: uploads\олю01 - жрг 9_03787c31.ifczip
2025-08-22 23:55:58 [INFO] Processing IFC file: uploads\олю01 - жрг 9_03787c31.ifczip
2025-08-22 23:56:00 [INFO] Exported 504 flats to downloads\олю01 - жрг 9.csv
2025-08-22 23:56:00 [INFO] Exported 504 flats to downloads\олю01 - жрг 9.csv
2025-08-22 23:56:00 [INFO] CSV generated: downloads\олю01 - жрг 9.csv
2025-08-22 23:56:00 [INFO] CSV generated: downloads\олю01 - жрг 9.csv
2025-08-22 23:56:00 [ERROR] Google Sheets upload error: Missing environment variables: ['GS_SPREADSHEET_ID']
Traceback (most recent call last):
  File "D:\appartment mix\gsheets.py", line 69, in upload_to_google_sheets
    validate_gs_credentials()
  File "D:\appartment mix\gsheets.py", line 34, in validate_gs_credentials
    raise ValueError(f"Missing environment variables: {missing}")
ValueError: Missing environment variables: ['GS_SPREADSHEET_ID']
2025-08-22 23:56:00 [ERROR] Google Sheets upload error: Missing environment variables: ['GS_SPREADSHEET_ID']
Traceback (most recent call last):
  File "D:\appartment mix\gsheets.py", line 69, in upload_to_google_sheets
    validate_gs_credentials()
  File "D:\appartment mix\gsheets.py", line 34, in validate_gs_credentials
    raise ValueError(f"Missing environment variables: {missing}")
ValueError: Missing environment variables: ['GS_SPREADSHEET_ID']
2025-08-22 23:56:00 [WARNING] Google Sheets upload failed: Missing environment variables: ['GS_SPREADSHEET_ID']
2025-08-22 23:56:00 [WARNING] Google Sheets upload failed: Missing environment variables: ['GS_SPREADSHEET_ID']
2025-08-22 23:56:00 [INFO] 127.0.0.1 - - [22/Aug/2025 23:56:00] "POST /uploads HTTP/1.1" 200 -
2025-08-22 23:56:03 [INFO] 127.0.0.1 - - [22/Aug/2025 23:56:03] "GET / HTTP/1.1" 200 -
2025-08-22 23:56:09 [INFO] File uploaded: олю01 - жрг 9.ifczip -> олю01 - жрг 9_4b9e9818.ifczip
2025-08-22 23:56:09 [INFO] File uploaded: олю01 - жрг 9.ifczip -> олю01 - жрг 9_4b9e9818.ifczip
2025-08-22 23:56:09 [INFO] Processing IFC file: uploads\олю01 - жрг 9_4b9e9818.ifczip
2025-08-22 23:56:09 [INFO] Processing IFC file: uploads\олю01 - жрг 9_4b9e9818.ifczip
2025-08-22 23:56:11 [INFO] Exported 504 flats to downloads\олю01 - жрг 9.csv
2025-08-22 23:56:11 [INFO] Exported 504 flats to downloads\олю01 - жрг 9.csv
2025-08-22 23:56:11 [INFO] CSV generated: downloads\олю01 - жрг 9.csv
2025-08-22 23:56:11 [INFO] CSV generated: downloads\олю01 - жрг 9.csv
2025-08-22 23:56:11 [ERROR] Google Sheets upload error: Missing environment variables: ['GS_SPREADSHEET_ID']
Traceback (most recent call last):
  File "D:\appartment mix\gsheets.py", line 69, in upload_to_google_sheets
    validate_gs_credentials()
  File "D:\appartment mix\gsheets.py", line 34, in validate_gs_credentials
    raise ValueError(f"Missing environment variables: {missing}")
ValueError: Missing environment variables: ['GS_SPREADSHEET_ID']
2025-08-22 23:56:11 [ERROR] Google Sheets upload error: Missing environment variables: ['GS_SPREADSHEET_ID']
Traceback (most recent call last):
  File "D:\appartment mix\gsheets.py", line 69, in upload_to_google_sheets
    validate_gs_credentials()
  File "D:\appartment mix\gsheets.py", line 34, in validate_gs_credentials
    raise ValueError(f"Missing environment variables: {missing}")
ValueError: Missing environment variables: ['GS_SPREADSHEET_ID']
2025-08-22 23:56:11 [WARNING] Google Sheets upload failed: Missing environment variables: ['GS_SPREADSHEET_ID']
2025-08-22 23:56:11 [WARNING] Google Sheets upload failed: Missing environment variables: ['GS_SPREADSHEET_ID']
2025-08-22 23:56:11 [INFO] 127.0.0.1 - - [22/Aug/2025 23:56:11] "POST /uploads HTTP/1.1" 200 -
2025-08-22 23:57:12 [INFO]  * Detected change in 'D:\\appartment mix\\main.py', reloading
2025-08-22 23:57:12 [INFO]  * Restarting with stat
2025-08-22 23:58:58 [INFO] Starting IFC to Google Sheets converter...
2025-08-22 23:58:58 [INFO] Starting IFC to Google Sheets converter...
2025-08-22 23:58:58 [INFO] [31m[1mWARNING: This is a development server. Do not use it in a production deployment. Use a production WSGI server instead.[0m
 * Running on all addresses (0.0.0.0)
 * Running on http://127.0.0.1:5000
 * Running on http://10.33.0.2:5000
2025-08-22 23:58:58 [INFO] [33mPress CTRL+C to quit[0m
2025-08-22 23:58:58 [INFO]  * Restarting with stat
2025-08-22 23:58:59 [INFO] Starting IFC to Google Sheets converter...
2025-08-22 23:58:59 [INFO] Starting IFC to Google Sheets converter...
2025-08-22 23:58:59 [WARNING]  * Debugger is active!
2025-08-22 23:58:59 [INFO]  * Debugger PIN: 158-620-407
2025-08-22 23:59:07 [INFO] 127.0.0.1 - - [22/Aug/2025 23:59:07] "GET / HTTP/1.1" 200 -
2025-08-22 23:59:11 [INFO] File uploaded: олю01 - жрг 9.ifczip -> олю01 - жрг 9_07fdfd65.ifczip
2025-08-22 23:59:11 [INFO] File uploaded: олю01 - жрг 9.ifczip -> олю01 - жрг 9_07fdfd65.ifczip
2025-08-22 23:59:11 [INFO] Processing IFC file: uploads\олю01 - жрг 9_07fdfd65.ifczip
2025-08-22 23:59:11 [INFO] Processing IFC file: uploads\олю01 - жрг 9_07fdfd65.ifczip
2025-08-22 23:59:13 [INFO] Exported 504 flats to downloads\олю01 - жрг 9.csv
2025-08-22 23:59:13 [INFO] Exported 504 flats to downloads\олю01 - жрг 9.csv
2025-08-22 23:59:13 [INFO] CSV generated: downloads\олю01 - жрг 9.csv
2025-08-22 23:59:13 [INFO] CSV generated: downloads\олю01 - жрг 9.csv
2025-08-22 23:59:13 [ERROR] Google Sheets upload error: Missing environment variables: ['GS_SPREADSHEET_ID']
Traceback (most recent call last):
  File "D:\appartment mix\gsheets.py", line 69, in upload_to_google_sheets
    validate_gs_credentials()
  File "D:\appartment mix\gsheets.py", line 34, in validate_gs_credentials
    raise ValueError(f"Missing environment variables: {missing}")
ValueError: Missing environment variables: ['GS_SPREADSHEET_ID']
2025-08-22 23:59:13 [ERROR] Google Sheets upload error: Missing environment variables: ['GS_SPREADSHEET_ID']
Traceback (most recent call last):
  File "D:\appartment mix\gsheets.py", line 69, in upload_to_google_sheets
    validate_gs_credentials()
  File "D:\appartment mix\gsheets.py", line 34, in validate_gs_credentials
    raise ValueError(f"Missing environment variables: {missing}")
ValueError: Missing environment variables: ['GS_SPREADSHEET_ID']
2025-08-22 23:59:13 [WARNING] Google Sheets upload failed: Missing environment variables: ['GS_SPREADSHEET_ID']
2025-08-22 23:59:13 [WARNING] Google Sheets upload failed: Missing environment variables: ['GS_SPREADSHEET_ID']
2025-08-22 23:59:13 [INFO] 127.0.0.1 - - [22/Aug/2025 23:59:13] "POST /uploads HTTP/1.1" 200 -
2025-08-23 00:00:21 [INFO] Starting IFC to Google Sheets converter...
2025-08-23 00:00:21 [INFO] Starting IFC to Google Sheets converter...
2025-08-23 00:00:21 [INFO] [31m[1mWARNING: This is a development server. Do not use it in a production deployment. Use a production WSGI server instead.[0m
 * Running on all addresses (0.0.0.0)
 * Running on http://127.0.0.1:5000
 * Running on http://10.33.0.2:5000
2025-08-23 00:00:21 [INFO] [33mPress CTRL+C to quit[0m
2025-08-23 00:00:21 [INFO]  * Restarting with stat
2025-08-23 00:00:22 [INFO] Starting IFC to Google Sheets converter...
2025-08-23 00:00:22 [INFO] Starting IFC to Google Sheets converter...
2025-08-23 00:00:22 [WARNING]  * Debugger is active!
2025-08-23 00:00:22 [INFO]  * Debugger PIN: 158-620-407
2025-08-23 00:00:30 [INFO] 127.0.0.1 - - [23/Aug/2025 00:00:30] "GET / HTTP/1.1" 200 -
2025-08-23 00:00:34 [INFO] File uploaded: олю01 - жрг 9.ifczip -> олю01 - жрг 9_5fd5080a.ifczip
2025-08-23 00:00:34 [INFO] File uploaded: олю01 - жрг 9.ifczip -> олю01 - жрг 9_5fd5080a.ifczip
2025-08-23 00:00:34 [INFO] Processing IFC file: uploads\олю01 - жрг 9_5fd5080a.ifczip
2025-08-23 00:00:34 [INFO] Processing IFC file: uploads\олю01 - жрг 9_5fd5080a.ifczip
2025-08-23 00:00:36 [INFO] Exported 504 flats to downloads\олю01 - жрг 9.csv
2025-08-23 00:00:36 [INFO] Exported 504 flats to downloads\олю01 - жрг 9.csv
2025-08-23 00:00:36 [INFO] CSV generated: downloads\олю01 - жрг 9.csv
2025-08-23 00:00:36 [INFO] CSV generated: downloads\олю01 - жрг 9.csv
2025-08-23 00:00:36 [ERROR] Google Sheets upload error: Missing environment variables: ['GS_SPREADSHEET_ID']
Traceback (most recent call last):
  File "D:\appartment mix\gsheets.py", line 69, in upload_to_google_sheets
    validate_gs_credentials()
  File "D:\appartment mix\gsheets.py", line 34, in validate_gs_credentials
    raise ValueError(f"Missing environment variables: {missing}")
ValueError: Missing environment variables: ['GS_SPREADSHEET_ID']
2025-08-23 00:00:36 [ERROR] Google Sheets upload error: Missing environment variables: ['GS_SPREADSHEET_ID']
Traceback (most recent call last):
  File "D:\appartment mix\gsheets.py", line 69, in upload_to_google_sheets
    validate_gs_credentials()
  File "D:\appartment mix\gsheets.py", line 34, in validate_gs_credentials
    raise ValueError(f"Missing environment variables: {missing}")
ValueError: Missing environment variables: ['GS_SPREADSHEET_ID']
2025-08-23 00:00:36 [WARNING] Google Sheets upload failed: Missing environment variables: ['GS_SPREADSHEET_ID']
2025-08-23 00:00:36 [WARNING] Google Sheets upload failed: Missing environment variables: ['GS_SPREADSHEET_ID']
2025-08-23 00:00:36 [INFO] 127.0.0.1 - - [23/Aug/2025 00:00:36] "POST /uploads HTTP/1.1" 200 -
2025-08-23 00:03:10 [INFO]  * Detected change in 'D:\\appartment mix\\gsheets.py', reloading
2025-08-23 00:03:10 [INFO]  * Restarting with stat
2025-08-23 00:03:11 [INFO] Starting IFC to Google Sheets converter...
2025-08-23 00:03:11 [INFO] Starting IFC to Google Sheets converter...
2025-08-23 00:03:12 [WARNING]  * Debugger is active!
2025-08-23 00:03:12 [INFO]  * Debugger PIN: 158-620-407
2025-08-23 00:04:03 [INFO]  * Detected change in 'D:\\appartment mix\\main.py', reloading
2025-08-23 00:04:03 [INFO]  * Restarting with stat
2025-08-23 00:06:31 [INFO] Starting IFC to Google Sheets converter...
2025-08-23 00:06:31 [INFO] Starting IFC to Google Sheets converter...
2025-08-23 00:06:31 [INFO] [31m[1mWARNING: This is a development server. Do not use it in a production deployment. Use a production WSGI server instead.[0m
 * Running on all addresses (0.0.0.0)
 * Running on http://127.0.0.1:5000
 * Running on http://10.33.0.2:5000
2025-08-23 00:06:31 [INFO] [33mPress CTRL+C to quit[0m
2025-08-23 00:06:31 [INFO]  * Restarting with stat
2025-08-23 00:06:32 [INFO] Starting IFC to Google Sheets converter...
2025-08-23 00:06:32 [INFO] Starting IFC to Google Sheets converter...
2025-08-23 00:06:32 [WARNING]  * Debugger is active!
2025-08-23 00:06:32 [INFO]  * Debugger PIN: 158-620-407
2025-08-23 00:06:35 [INFO] 127.0.0.1 - - [23/Aug/2025 00:06:35] "GET / HTTP/1.1" 200 -
2025-08-23 00:06:41 [INFO] File uploaded: олю01 - жрг 9.ifczip -> олю01 - жрг 9_afe3bf4d.ifczip
2025-08-23 00:06:41 [INFO] File uploaded: олю01 - жрг 9.ifczip -> олю01 - жрг 9_afe3bf4d.ifczip
2025-08-23 00:06:41 [INFO] Processing IFC file: uploads\олю01 - жрг 9_afe3bf4d.ifczip
2025-08-23 00:06:41 [INFO] Processing IFC file: uploads\олю01 - жрг 9_afe3bf4d.ifczip
2025-08-23 00:06:43 [INFO] Exported 504 flats to downloads\олю01 - жрг 9.csv
2025-08-23 00:06:43 [INFO] Exported 504 flats to downloads\олю01 - жрг 9.csv
2025-08-23 00:06:43 [INFO] CSV generated: downloads\олю01 - жрг 9.csv
2025-08-23 00:06:43 [INFO] CSV generated: downloads\олю01 - жрг 9.csv
2025-08-23 00:06:43 [ERROR] Google Sheets upload error: Missing environment variables: ['GS_SPREADSHEET_ID']
Traceback (most recent call last):
  File "D:\appartment mix\gsheets.py", line 65, in upload_to_google_sheets
    validate_gs_credentials()
  File "D:\appartment mix\gsheets.py", line 33, in validate_gs_credentials
    raise ValueError(f"Missing environment variables: {missing}")
ValueError: Missing environment variables: ['GS_SPREADSHEET_ID']
2025-08-23 00:06:43 [ERROR] Google Sheets upload error: Missing environment variables: ['GS_SPREADSHEET_ID']
Traceback (most recent call last):
  File "D:\appartment mix\gsheets.py", line 65, in upload_to_google_sheets
    validate_gs_credentials()
  File "D:\appartment mix\gsheets.py", line 33, in validate_gs_credentials
    raise ValueError(f"Missing environment variables: {missing}")
ValueError: Missing environment variables: ['GS_SPREADSHEET_ID']
2025-08-23 00:06:43 [WARNING] Google Sheets upload failed: Missing environment variables: ['GS_SPREADSHEET_ID']
2025-08-23 00:06:43 [WARNING] Google Sheets upload failed: Missing environment variables: ['GS_SPREADSHEET_ID']
2025-08-23 00:06:43 [INFO] 127.0.0.1 - - [23/Aug/2025 00:06:43] "POST /uploads HTTP/1.1" 200 -
2025-08-23 00:13:59 [INFO] Starting IFC to Google Sheets converter...
2025-08-23 00:13:59 [INFO] Starting IFC to Google Sheets converter...
2025-08-23 00:13:59 [INFO] [31m[1mWARNING: This is a development server. Do not use it in a production deployment. Use a production WSGI server instead.[0m
 * Running on all addresses (0.0.0.0)
 * Running on http://127.0.0.1:5000
 * Running on http://10.33.0.2:5000
2025-08-23 00:13:59 [INFO] [33mPress CTRL+C to quit[0m
2025-08-23 00:13:59 [INFO]  * Restarting with stat
2025-08-23 00:14:00 [INFO] Starting IFC to Google Sheets converter...
2025-08-23 00:14:00 [INFO] Starting IFC to Google Sheets converter...
2025-08-23 00:14:00 [WARNING]  * Debugger is active!
2025-08-23 00:14:00 [INFO]  * Debugger PIN: 158-620-407
2025-08-23 00:14:03 [INFO] 127.0.0.1 - - [23/Aug/2025 00:14:03] "GET / HTTP/1.1" 200 -
2025-08-23 00:14:08 [INFO] File uploaded: олю01 - жрг 9.ifczip -> олю01 - жрг 9_0d4fa2a6.ifczip
2025-08-23 00:14:08 [INFO] File uploaded: олю01 - жрг 9.ifczip -> олю01 - жрг 9_0d4fa2a6.ifczip
2025-08-23 00:14:08 [INFO] Processing IFC file: uploads\олю01 - жрг 9_0d4fa2a6.ifczip
2025-08-23 00:14:08 [INFO] Processing IFC file: uploads\олю01 - жрг 9_0d4fa2a6.ifczip
2025-08-23 00:14:10 [INFO] Exported 504 flats to downloads\олю01 - жрг 9.csv
2025-08-23 00:14:10 [INFO] Exported 504 flats to downloads\олю01 - жрг 9.csv
2025-08-23 00:14:10 [INFO] CSV generated: downloads\олю01 - жрг 9.csv
2025-08-23 00:14:10 [INFO] CSV generated: downloads\олю01 - жрг 9.csv
2025-08-23 00:14:10 [ERROR] Google Sheets upload error: Missing environment variables: ['GS_SPREADSHEET_ID']
Traceback (most recent call last):
  File "D:\appartment mix\gsheets.py", line 65, in upload_to_google_sheets
    validate_gs_credentials()
  File "D:\appartment mix\gsheets.py", line 33, in validate_gs_credentials
    raise ValueError(f"Missing environment variables: {missing}")
ValueError: Missing environment variables: ['GS_SPREADSHEET_ID']
2025-08-23 00:14:10 [ERROR] Google Sheets upload error: Missing environment variables: ['GS_SPREADSHEET_ID']
Traceback (most recent call last):
  File "D:\appartment mix\gsheets.py", line 65, in upload_to_google_sheets
    validate_gs_credentials()
  File "D:\appartment mix\gsheets.py", line 33, in validate_gs_credentials
    raise ValueError(f"Missing environment variables: {missing}")
ValueError: Missing environment variables: ['GS_SPREADSHEET_ID']
2025-08-23 00:14:10 [WARNING] Google Sheets upload failed: Missing environment variables: ['GS_SPREADSHEET_ID']
2025-08-23 00:14:10 [WARNING] Google Sheets upload failed: Missing environment variables: ['GS_SPREADSHEET_ID']
2025-08-23 00:14:10 [INFO] 127.0.0.1 - - [23/Aug/2025 00:14:10] "POST /uploads HTTP/1.1" 200 -
2025-08-23 00:16:01 [INFO] Starting IFC to Google Sheets converter...
2025-08-23 00:16:01 [INFO] Starting IFC to Google Sheets converter...
2025-08-23 00:16:01 [INFO] [31m[1mWARNING: This is a development server. Do not use it in a production deployment. Use a production WSGI server instead.[0m
 * Running on all addresses (0.0.0.0)
 * Running on http://127.0.0.1:5000
 * Running on http://10.33.0.2:5000
2025-08-23 00:16:01 [INFO] [33mPress CTRL+C to quit[0m
2025-08-23 00:16:01 [INFO]  * Restarting with stat
2025-08-23 00:16:02 [INFO] Starting IFC to Google Sheets converter...
2025-08-23 00:16:02 [INFO] Starting IFC to Google Sheets converter...
2025-08-23 00:16:02 [WARNING]  * Debugger is active!
2025-08-23 00:16:02 [INFO]  * Debugger PIN: 158-620-407
2025-08-23 00:16:04 [INFO] 127.0.0.1 - - [23/Aug/2025 00:16:04] "GET / HTTP/1.1" 200 -
2025-08-23 00:16:10 [INFO] File uploaded: олю01 - жрг 9.ifczip -> олю01 - жрг 9_0c77c6a2.ifczip
2025-08-23 00:16:10 [INFO] File uploaded: олю01 - жрг 9.ifczip -> олю01 - жрг 9_0c77c6a2.ifczip
2025-08-23 00:16:10 [INFO] Processing IFC file: uploads\олю01 - жрг 9_0c77c6a2.ifczip
2025-08-23 00:16:10 [INFO] Processing IFC file: uploads\олю01 - жрг 9_0c77c6a2.ifczip
2025-08-23 00:16:12 [INFO] Exported 504 flats to downloads\олю01 - жрг 9.csv
2025-08-23 00:16:12 [INFO] Exported 504 flats to downloads\олю01 - жрг 9.csv
2025-08-23 00:16:12 [INFO] CSV generated: downloads\олю01 - жрг 9.csv
2025-08-23 00:16:12 [INFO] CSV generated: downloads\олю01 - жрг 9.csv
2025-08-23 00:16:12 [INFO] Authenticated with Google Sheets API
2025-08-23 00:16:12 [INFO] Authenticated with Google Sheets API
2025-08-23 00:16:19 [INFO] Opened existing spreadsheet: йБЮПРХПНЦПЮТХЪ_йСКЭЛЮМ_test
2025-08-23 00:16:19 [INFO] Opened existing spreadsheet: йБЮПРХПНЦПЮТХЪ_йСКЭЛЮМ_test
2025-08-23 00:16:22 [INFO] Created new worksheet: олю01 - жрг 9
2025-08-23 00:16:22 [INFO] Created new worksheet: олю01 - жрг 9
2025-08-23 00:16:23 [INFO] Data uploaded to worksheet 'олю01 - жрг 9': 504 rows
2025-08-23 00:16:23 [INFO] Data uploaded to worksheet 'олю01 - жрг 9': 504 rows
2025-08-23 00:16:24 [INFO] Header formatting applied
2025-08-23 00:16:24 [INFO] Header formatting applied
2025-08-23 00:16:24 [INFO] Uploaded to Google Sheets: https://docs.google.com/spreadsheets/d/1-ET59ayv1dYL_31BYmC1yR47aEnB9DMFc2HOXwiOAJ0#gid=915283678
2025-08-23 00:16:24 [INFO] Uploaded to Google Sheets: https://docs.google.com/spreadsheets/d/1-ET59ayv1dYL_31BYmC1yR47aEnB9DMFc2HOXwiOAJ0#gid=915283678
2025-08-23 00:16:24 [INFO] 127.0.0.1 - - [23/Aug/2025 00:16:24] "POST /uploads HTTP/1.1" 200 -
2025-08-23 00:18:24 [INFO]  * Detected change in 'D:\\appartment mix\\google API check.py', reloading
2025-08-23 00:18:24 [INFO]  * Restarting with stat
2025-08-23 00:18:25 [INFO] Starting IFC to Google Sheets converter...
2025-08-23 00:18:25 [INFO] Starting IFC to Google Sheets converter...
2025-08-23 00:18:25 [WARNING]  * Debugger is active!
2025-08-23 00:18:25 [INFO]  * Debugger PIN: 158-620-407
